<?xml version="1.0" encoding="UTF-8"?>
<coverage generated="1773324576417" clover="3.2.0">
  <project timestamp="1773324576417" name="All files">
    <metrics statements="904" coveredstatements="317" conditionals="488" coveredconditionals="147" methods="136" coveredmethods="56" elements="1528" coveredelements="520" complexity="0" loc="904" ncloc="904" packages="9" files="16" classes="16"/>
    <package name="src">
      <metrics statements="173" coveredstatements="0" conditionals="118" coveredconditionals="0" methods="22" coveredmethods="0"/>
      <file name="index.ts" path="/Users/rahular/Documents/Projects/clawforge-workspace/clawforge/plugin/src/index.ts">
        <metrics statements="173" coveredstatements="0" conditionals="118" coveredconditionals="0" methods="22" coveredmethods="0"/>
        <line num="30" count="0" type="stmt"/>
        <line num="31" count="0" type="stmt"/>
        <line num="37" count="0" type="stmt"/>
        <line num="40" count="0" type="stmt"/>
        <line num="41" count="0" type="cond" truecount="0" falsecount="2"/>
        <line num="42" count="0" type="cond" truecount="0" falsecount="4"/>
        <line num="43" count="0" type="stmt"/>
        <line num="44" count="0" type="stmt"/>
        <line num="45" count="0" type="stmt"/>
        <line num="49" count="0" type="stmt"/>
        <line num="51" count="0" type="stmt"/>
        <line num="52" count="0" type="stmt"/>
        <line num="55" count="0" type="stmt"/>
        <line num="56" count="0" type="stmt"/>
        <line num="60" count="0" type="cond" truecount="0" falsecount="2"/>
        <line num="61" count="0" type="stmt"/>
        <line num="63" count="0" type="stmt"/>
        <line num="67" count="0" type="stmt"/>
        <line num="68" count="0" type="stmt"/>
        <line num="69" count="0" type="stmt"/>
        <line num="72" count="0" type="cond" truecount="0" falsecount="3"/>
        <line num="75" count="0" type="stmt"/>
        <line num="76" count="0" type="stmt"/>
        <line num="77" count="0" type="stmt"/>
        <line num="80" count="0" type="stmt"/>
        <line num="82" count="0" type="cond" truecount="0" falsecount="4"/>
        <line num="83" count="0" type="stmt"/>
        <line num="84" count="0" type="stmt"/>
        <line num="85" count="0" type="stmt"/>
        <line num="91" count="0" type="stmt"/>
        <line num="92" count="0" type="stmt"/>
        <line num="94" count="0" type="stmt"/>
        <line num="96" count="0" type="stmt"/>
        <line num="97" count="0" type="cond" truecount="0" falsecount="2"/>
        <line num="98" count="0" type="stmt"/>
        <line num="101" count="0" type="cond" truecount="0" falsecount="2"/>
        <line num="102" count="0" type="stmt"/>
        <line num="106" count="0" type="cond" truecount="0" falsecount="2"/>
        <line num="107" count="0" type="stmt"/>
        <line num="108" count="0" type="cond" truecount="0" falsecount="2"/>
        <line num="110" count="0" type="stmt"/>
        <line num="111" count="0" type="cond" truecount="0" falsecount="2"/>
        <line num="112" count="0" type="stmt"/>
        <line num="114" count="0" type="stmt"/>
        <line num="118" count="0" type="cond" truecount="0" falsecount="2"/>
        <line num="119" count="0" type="cond" truecount="0" falsecount="2"/>
        <line num="124" count="0" type="stmt"/>
        <line num="131" count="0" type="stmt"/>
        <line num="137" count="0" type="stmt"/>
        <line num="138" count="0" type="stmt"/>
        <line num="141" count="0" type="stmt"/>
        <line num="147" count="0" type="stmt"/>
        <line num="150" count="0" type="stmt"/>
        <line num="151" count="0" type="stmt"/>
        <line num="154" count="0" type="stmt"/>
        <line num="155" count="0" type="stmt"/>
        <line num="169" count="0" type="stmt"/>
        <line num="170" count="0" type="stmt"/>
        <line num="178" count="0" type="stmt"/>
        <line num="179" count="0" type="stmt"/>
        <line num="192" count="0" type="stmt"/>
        <line num="193" count="0" type="cond" truecount="0" falsecount="2"/>
        <line num="194" count="0" type="stmt"/>
        <line num="207" count="0" type="stmt"/>
        <line num="208" count="0" type="cond" truecount="0" falsecount="2"/>
        <line num="209" count="0" type="stmt"/>
        <line num="223" count="0" type="stmt"/>
        <line num="224" count="0" type="cond" truecount="0" falsecount="2"/>
        <line num="225" count="0" type="stmt"/>
        <line num="226" count="0" type="stmt"/>
        <line num="232" count="0" type="stmt"/>
        <line num="233" count="0" type="stmt"/>
        <line num="234" count="0" type="stmt"/>
        <line num="235" count="0" type="stmt"/>
        <line num="236" count="0" type="stmt"/>
        <line num="238" count="0" type="stmt"/>
        <line num="243" count="0" type="cond" truecount="0" falsecount="4"/>
        <line num="244" count="0" type="stmt"/>
        <line num="251" count="0" type="stmt"/>
        <line num="252" count="0" type="stmt"/>
        <line num="253" count="0" type="stmt"/>
        <line num="254" count="0" type="stmt"/>
        <line num="255" count="0" type="stmt"/>
        <line num="258" count="0" type="stmt"/>
        <line num="262" count="0" type="stmt"/>
        <line num="268" count="0" type="stmt"/>
        <line num="272" count="0" type="stmt"/>
        <line num="275" count="0" type="stmt"/>
        <line num="276" count="0" type="stmt"/>
        <line num="278" count="0" type="cond" truecount="0" falsecount="4"/>
        <line num="279" count="0" type="stmt"/>
        <line num="284" count="0" type="stmt"/>
        <line num="288" count="0" type="stmt"/>
        <line num="289" count="0" type="stmt"/>
        <line num="293" count="0" type="stmt"/>
        <line num="297" count="0" type="stmt"/>
        <line num="298" count="0" type="stmt"/>
        <line num="299" count="0" type="stmt"/>
        <line num="300" count="0" type="stmt"/>
        <line num="304" count="0" type="stmt"/>
        <line num="307" count="0" type="stmt"/>
        <line num="308" count="0" type="stmt"/>
        <line num="309" count="0" type="stmt"/>
        <line num="310" count="0" type="stmt"/>
        <line num="311" count="0" type="stmt"/>
        <line num="312" count="0" type="stmt"/>
        <line num="315" count="0" type="stmt"/>
        <line num="324" count="0" type="cond" truecount="0" falsecount="2"/>
        <line num="325" count="0" type="cond" truecount="0" falsecount="2"/>
        <line num="326" count="0" type="cond" truecount="0" falsecount="2"/>
        <line num="327" count="0" type="stmt"/>
        <line num="334" count="0" type="cond" truecount="0" falsecount="2"/>
        <line num="337" count="0" type="stmt"/>
        <line num="342" count="0" type="stmt"/>
        <line num="343" count="0" type="stmt"/>
        <line num="344" count="0" type="stmt"/>
        <line num="345" count="0" type="cond" truecount="0" falsecount="2"/>
        <line num="347" count="0" type="stmt"/>
        <line num="353" count="0" type="stmt"/>
        <line num="358" count="0" type="stmt"/>
        <line num="359" count="0" type="cond" truecount="0" falsecount="2"/>
        <line num="360" count="0" type="stmt"/>
        <line num="363" count="0" type="stmt"/>
        <line num="364" count="0" type="cond" truecount="0" falsecount="2"/>
        <line num="365" count="0" type="stmt"/>
        <line num="368" count="0" type="stmt"/>
        <line num="369" count="0" type="cond" truecount="0" falsecount="2"/>
        <line num="371" count="0" type="cond" truecount="0" falsecount="2"/>
        <line num="372" count="0" type="stmt"/>
        <line num="375" count="0" type="stmt"/>
        <line num="376" count="0" type="stmt"/>
        <line num="382" count="0" type="cond" truecount="0" falsecount="2"/>
        <line num="383" count="0" type="stmt"/>
        <line num="384" count="0" type="stmt"/>
        <line num="387" count="0" type="stmt"/>
        <line num="397" count="0" type="stmt"/>
        <line num="407" count="0" type="stmt"/>
        <line num="409" count="0" type="stmt"/>
        <line num="415" count="0" type="stmt"/>
        <line num="420" count="0" type="stmt"/>
        <line num="421" count="0" type="cond" truecount="0" falsecount="2"/>
        <line num="422" count="0" type="stmt"/>
        <line num="425" count="0" type="stmt"/>
        <line num="426" count="0" type="cond" truecount="0" falsecount="2"/>
        <line num="427" count="0" type="stmt"/>
        <line num="430" count="0" type="cond" truecount="0" falsecount="2"/>
        <line num="431" count="0" type="stmt"/>
        <line num="434" count="0" type="stmt"/>
        <line num="436" count="0" type="stmt"/>
        <line num="438" count="0" type="stmt"/>
        <line num="440" count="0" type="stmt"/>
        <line num="442" count="0" type="stmt"/>
        <line num="449" count="0" type="stmt"/>
        <line num="458" count="0" type="cond" truecount="0" falsecount="2"/>
        <line num="459" count="0" type="stmt"/>
        <line num="462" count="0" type="stmt"/>
        <line num="464" count="0" type="stmt"/>
        <line num="470" count="0" type="stmt"/>
        <line num="475" count="0" type="stmt"/>
        <line num="476" count="0" type="cond" truecount="0" falsecount="2"/>
        <line num="477" count="0" type="stmt"/>
        <line num="478" count="0" type="stmt"/>
        <line num="483" count="0" type="stmt"/>
        <line num="486" count="0" type="stmt"/>
        <line num="487" count="0" type="stmt"/>
        <line num="488" count="0" type="cond" truecount="0" falsecount="2"/>
        <line num="489" count="0" type="cond" truecount="0" falsecount="2"/>
        <line num="491" count="0" type="stmt"/>
        <line num="505" count="0" type="stmt"/>
        <line num="510" count="0" type="stmt"/>
        <line num="511" count="0" type="stmt"/>
        <line num="512" count="0" type="stmt"/>
        <line num="514" count="0" type="stmt"/>
      </file>
      <file name="types.ts" path="/Users/rahular/Documents/Projects/clawforge-workspace/clawforge/plugin/src/types.ts">
        <metrics statements="0" coveredstatements="0" conditionals="0" coveredconditionals="0" methods="0" coveredmethods="0"/>
      </file>
    </package>
    <package name="src.audit">
      <metrics statements="89" coveredstatements="67" conditionals="38" coveredconditionals="25" methods="17" coveredmethods="10"/>
      <file name="audit-logger.ts" path="/Users/rahular/Documents/Projects/clawforge-workspace/clawforge/plugin/src/audit/audit-logger.ts">
        <metrics statements="89" coveredstatements="67" conditionals="38" coveredconditionals="25" methods="17" coveredmethods="10"/>
        <line num="13" count="1" type="stmt"/>
        <line num="14" count="1" type="stmt"/>
        <line num="16" count="1" type="stmt"/>
        <line num="17" count="1" type="stmt"/>
        <line num="18" count="1" type="stmt"/>
        <line num="19" count="1" type="stmt"/>
        <line num="31" count="14" type="stmt"/>
        <line num="32" count="14" type="stmt"/>
        <line num="42" count="14" type="stmt"/>
        <line num="50" count="14" type="cond" truecount="2" falsecount="0"/>
        <line num="51" count="14" type="stmt"/>
        <line num="52" count="14" type="stmt"/>
        <line num="53" count="14" type="stmt"/>
        <line num="54" count="14" type="cond" truecount="1" falsecount="1"/>
        <line num="55" count="14" type="cond" truecount="1" falsecount="1"/>
        <line num="56" count="14" type="cond" truecount="2" falsecount="0"/>
        <line num="57" count="14" type="cond" truecount="1" falsecount="1"/>
        <line num="58" count="14" type="stmt"/>
        <line num="61" count="14" type="stmt"/>
        <line num="68" count="0" type="cond" truecount="0" falsecount="2"/>
        <line num="69" count="0" type="stmt"/>
        <line num="71" count="0" type="stmt"/>
        <line num="72" count="0" type="stmt"/>
        <line num="73" count="0" type="stmt"/>
        <line num="77" count="0" type="cond" truecount="0" falsecount="2"/>
        <line num="78" count="0" type="stmt"/>
        <line num="86" count="0" type="cond" truecount="0" falsecount="2"/>
        <line num="87" count="0" type="stmt"/>
        <line num="88" count="0" type="stmt"/>
        <line num="90" count="0" type="stmt"/>
        <line num="97" count="0" type="stmt"/>
        <line num="104" count="0" type="stmt"/>
        <line num="111" count="7" type="stmt"/>
        <line num="118" count="2" type="stmt"/>
        <line num="126" count="79" type="cond" truecount="2" falsecount="0"/>
        <line num="127" count="1" type="stmt"/>
        <line num="130" count="78" type="stmt"/>
        <line num="142" count="79" type="stmt"/>
        <line num="145" count="79" type="cond" truecount="2" falsecount="0"/>
        <line num="146" count="2" type="stmt"/>
        <line num="147" count="2" type="stmt"/>
        <line num="148" count="2" type="stmt"/>
        <line num="152" count="78" type="stmt"/>
        <line num="153" count="78" type="cond" truecount="4" falsecount="0"/>
        <line num="154" count="3" type="stmt"/>
        <line num="155" count="3" type="stmt"/>
        <line num="158" count="75" type="cond" truecount="2" falsecount="0"/>
        <line num="160" count="73" type="stmt"/>
        <line num="163" count="78" type="cond" truecount="1" falsecount="1"/>
        <line num="164" count="0" type="stmt"/>
        <line num="165" count="0" type="stmt"/>
        <line num="175" count="6" type="cond" truecount="1" falsecount="1"/>
        <line num="176" count="0" type="stmt"/>
        <line num="179" count="6" type="stmt"/>
        <line num="181" count="6" type="cond" truecount="1" falsecount="1"/>
        <line num="183" count="0" type="stmt"/>
        <line num="184" count="0" type="stmt"/>
        <line num="187" count="6" type="stmt"/>
        <line num="188" count="6" type="stmt"/>
        <line num="189" count="6" type="stmt"/>
        <line num="198" count="3" type="cond" truecount="1" falsecount="1"/>
        <line num="200" count="0" type="stmt"/>
        <line num="201" count="0" type="stmt"/>
        <line num="202" count="0" type="stmt"/>
        <line num="203" count="0" type="stmt"/>
        <line num="205" count="3" type="stmt"/>
        <line num="207" count="3" type="stmt"/>
        <line num="209" count="3" type="stmt"/>
        <line num="212" count="3" type="stmt"/>
        <line num="213" count="3" type="stmt"/>
        <line num="214" count="3" type="stmt"/>
        <line num="215" count="3" type="stmt"/>
        <line num="223" count="5" type="cond" truecount="2" falsecount="0"/>
        <line num="224" count="1" type="stmt"/>
        <line num="225" count="1" type="stmt"/>
        <line num="226" count="1" type="stmt"/>
        <line num="233" count="3" type="stmt"/>
        <line num="234" count="3" type="stmt"/>
        <line num="235" count="9" type="stmt"/>
        <line num="236" count="3" type="stmt"/>
        <line num="243" count="3" type="stmt"/>
        <line num="244" count="3" type="stmt"/>
        <line num="251" count="14" type="stmt"/>
        <line num="252" count="14" type="stmt"/>
        <line num="253" count="14" type="stmt"/>
        <line num="254" count="14" type="stmt"/>
        <line num="255" count="11" type="stmt"/>
        <line num="256" count="11" type="stmt"/>
        <line num="262" count="2" type="stmt"/>
      </file>
      <file name="audit-types.ts" path="/Users/rahular/Documents/Projects/clawforge-workspace/clawforge/plugin/src/audit/audit-types.ts">
        <metrics statements="0" coveredstatements="0" conditionals="0" coveredconditionals="0" methods="0" coveredmethods="0"/>
      </file>
    </package>
    <package name="src.auth">
      <metrics statements="134" coveredstatements="65" conditionals="39" coveredconditionals="21" methods="25" coveredmethods="13"/>
      <file name="sso.ts" path="/Users/rahular/Documents/Projects/clawforge-workspace/clawforge/plugin/src/auth/sso.ts">
        <metrics statements="68" coveredstatements="0" conditionals="15" coveredconditionals="0" methods="11" coveredmethods="0"/>
        <line num="11" count="0" type="stmt"/>
        <line num="12" count="0" type="stmt"/>
        <line num="15" count="0" type="stmt"/>
        <line num="19" count="0" type="stmt"/>
        <line num="23" count="0" type="stmt"/>
        <line num="27" count="0" type="stmt"/>
        <line num="40" count="0" type="stmt"/>
        <line num="41" count="0" type="stmt"/>
        <line num="42" count="0" type="stmt"/>
        <line num="43" count="0" type="stmt"/>
        <line num="44" count="0" type="stmt"/>
        <line num="45" count="0" type="stmt"/>
        <line num="46" count="0" type="stmt"/>
        <line num="47" count="0" type="stmt"/>
        <line num="48" count="0" type="stmt"/>
        <line num="60" count="0" type="stmt"/>
        <line num="71" count="0" type="cond" truecount="0" falsecount="2"/>
        <line num="72" count="0" type="stmt"/>
        <line num="73" count="0" type="stmt"/>
        <line num="76" count="0" type="stmt"/>
        <line num="84" count="0" type="stmt"/>
        <line num="85" count="0" type="stmt"/>
        <line num="86" count="0" type="stmt"/>
        <line num="88" count="0" type="cond" truecount="0" falsecount="5"/>
        <line num="89" count="0" type="stmt"/>
        <line num="92" count="0" type="stmt"/>
        <line num="93" count="0" type="stmt"/>
        <line num="94" count="0" type="stmt"/>
        <line num="95" count="0" type="stmt"/>
        <line num="97" count="0" type="stmt"/>
        <line num="105" count="0" type="stmt"/>
        <line num="106" count="0" type="stmt"/>
        <line num="107" count="0" type="cond" truecount="0" falsecount="2"/>
        <line num="108" count="0" type="stmt"/>
        <line num="109" count="0" type="stmt"/>
        <line num="110" count="0" type="stmt"/>
        <line num="113" count="0" type="stmt"/>
        <line num="114" count="0" type="stmt"/>
        <line num="115" count="0" type="stmt"/>
        <line num="116" count="0" type="stmt"/>
        <line num="118" count="0" type="cond" truecount="0" falsecount="2"/>
        <line num="119" count="0" type="stmt"/>
        <line num="120" count="0" type="stmt"/>
        <line num="121" count="0" type="stmt"/>
        <line num="122" count="0" type="stmt"/>
        <line num="123" count="0" type="stmt"/>
        <line num="126" count="0" type="cond" truecount="0" falsecount="4"/>
        <line num="127" count="0" type="stmt"/>
        <line num="128" count="0" type="stmt"/>
        <line num="129" count="0" type="stmt"/>
        <line num="130" count="0" type="stmt"/>
        <line num="131" count="0" type="stmt"/>
        <line num="134" count="0" type="stmt"/>
        <line num="135" count="0" type="stmt"/>
        <line num="142" count="0" type="stmt"/>
        <line num="144" count="0" type="stmt"/>
        <line num="145" count="0" type="stmt"/>
        <line num="148" count="0" type="stmt"/>
        <line num="149" count="0" type="stmt"/>
        <line num="151" count="0" type="stmt"/>
        <line num="152" count="0" type="stmt"/>
        <line num="153" count="0" type="stmt"/>
        <line num="154" count="0" type="stmt"/>
        <line num="158" count="0" type="stmt"/>
        <line num="161" count="0" type="stmt"/>
        <line num="165" count="0" type="stmt"/>
        <line num="167" count="0" type="stmt"/>
        <line num="168" count="0" type="stmt"/>
      </file>
      <file name="token-refresh-manager.ts" path="/Users/rahular/Documents/Projects/clawforge-workspace/clawforge/plugin/src/auth/token-refresh-manager.ts">
        <metrics statements="50" coveredstatements="49" conditionals="18" coveredconditionals="15" methods="9" coveredmethods="8"/>
        <line num="15" count="1" type="stmt"/>
        <line num="16" count="1" type="stmt"/>
        <line num="17" count="1" type="stmt"/>
        <line num="18" count="1" type="stmt"/>
        <line num="27" count="8" type="stmt"/>
        <line num="28" count="8" type="stmt"/>
        <line num="41" count="8" type="stmt"/>
        <line num="42" count="8" type="stmt"/>
        <line num="43" count="8" type="stmt"/>
        <line num="44" count="8" type="stmt"/>
        <line num="48" count="8" type="cond" truecount="1" falsecount="1"/>
        <line num="50" count="8" type="cond" truecount="4" falsecount="0"/>
        <line num="51" count="2" type="stmt"/>
        <line num="52" count="2" type="stmt"/>
        <line num="55" count="6" type="stmt"/>
        <line num="56" count="6" type="stmt"/>
        <line num="57" count="0" type="stmt"/>
        <line num="61" count="6" type="cond" truecount="1" falsecount="1"/>
        <line num="62" count="6" type="stmt"/>
        <line num="65" count="6" type="stmt"/>
        <line num="69" count="9" type="cond" truecount="2" falsecount="0"/>
        <line num="70" count="6" type="stmt"/>
        <line num="71" count="6" type="stmt"/>
        <line num="76" count="6" type="cond" truecount="1" falsecount="1"/>
        <line num="78" count="6" type="stmt"/>
        <line num="79" count="6" type="cond" truecount="2" falsecount="0"/>
        <line num="81" count="4" type="stmt"/>
        <line num="82" count="4" type="stmt"/>
        <line num="84" count="4" type="cond" truecount="2" falsecount="0"/>
        <line num="85" count="1" type="stmt"/>
        <line num="88" count="3" type="stmt"/>
        <line num="90" count="6" type="stmt"/>
        <line num="91" count="6" type="stmt"/>
        <line num="92" count="6" type="stmt"/>
        <line num="94" count="3" type="stmt"/>
        <line num="101" count="3" type="stmt"/>
        <line num="102" count="7" type="stmt"/>
        <line num="103" count="7" type="stmt"/>
        <line num="109" count="2" type="stmt"/>
        <line num="112" count="2" type="stmt"/>
        <line num="115" count="2" type="stmt"/>
        <line num="117" count="7" type="stmt"/>
        <line num="118" count="7" type="stmt"/>
        <line num="120" count="5" type="stmt"/>
        <line num="121" count="5" type="stmt"/>
        <line num="122" count="5" type="stmt"/>
        <line num="126" count="5" type="cond" truecount="2" falsecount="0"/>
        <line num="127" count="4" type="stmt"/>
        <line num="132" count="1" type="stmt"/>
        <line num="136" count="4" type="stmt"/>
      </file>
      <file name="token-store.ts" path="/Users/rahular/Documents/Projects/clawforge-workspace/clawforge/plugin/src/auth/token-store.ts">
        <metrics statements="16" coveredstatements="16" conditionals="6" coveredconditionals="6" methods="5" coveredmethods="5"/>
        <line num="11" count="1" type="stmt"/>
        <line num="12" count="1" type="stmt"/>
        <line num="15" count="2" type="stmt"/>
        <line num="19" count="3" type="stmt"/>
        <line num="20" count="3" type="stmt"/>
        <line num="21" count="3" type="stmt"/>
        <line num="23" count="2" type="stmt"/>
        <line num="28" count="2" type="stmt"/>
        <line num="29" count="2" type="stmt"/>
        <line num="33" count="2" type="stmt"/>
        <line num="34" count="2" type="stmt"/>
        <line num="41" count="5" type="cond" truecount="2" falsecount="0"/>
        <line num="42" count="2" type="stmt"/>
        <line num="44" count="3" type="cond" truecount="4" falsecount="0"/>
        <line num="45" count="1" type="stmt"/>
        <line num="47" count="2" type="stmt"/>
      </file>
    </package>
    <package name="src.connection">
      <metrics statements="36" coveredstatements="36" conditionals="14" coveredconditionals="14" methods="11" coveredmethods="11"/>
      <file name="connection-state.ts" path="/Users/rahular/Documents/Projects/clawforge-workspace/clawforge/plugin/src/connection/connection-state.ts">
        <metrics statements="36" coveredstatements="36" conditionals="14" coveredconditionals="14" methods="11" coveredmethods="11"/>
        <line num="32" count="30" type="stmt"/>
        <line num="33" count="30" type="stmt"/>
        <line num="40" count="30" type="stmt"/>
        <line num="41" count="30" type="stmt"/>
        <line num="42" count="30" type="cond" truecount="2" falsecount="0"/>
        <line num="43" count="30" type="stmt"/>
        <line num="45" count="30" type="stmt"/>
        <line num="49" count="14" type="stmt"/>
        <line num="53" count="5" type="stmt"/>
        <line num="57" count="15" type="stmt"/>
        <line num="64" count="6" type="cond" truecount="2" falsecount="0"/>
        <line num="65" count="2" type="stmt"/>
        <line num="67" count="4" type="stmt"/>
        <line num="74" count="1" type="stmt"/>
        <line num="86" count="1" type="stmt"/>
        <line num="93" count="13" type="stmt"/>
        <line num="94" count="13" type="stmt"/>
        <line num="95" count="13" type="stmt"/>
        <line num="96" count="13" type="stmt"/>
        <line num="98" count="13" type="cond" truecount="2" falsecount="0"/>
        <line num="99" count="5" type="stmt"/>
        <line num="100" count="5" type="stmt"/>
        <line num="108" count="26" type="stmt"/>
        <line num="109" count="26" type="stmt"/>
        <line num="111" count="26" type="cond" truecount="2" falsecount="0"/>
        <line num="112" count="9" type="stmt"/>
        <line num="114" count="17" type="stmt"/>
        <line num="117" count="26" type="cond" truecount="2" falsecount="0"/>
        <line num="118" count="22" type="stmt"/>
        <line num="119" count="22" type="stmt"/>
        <line num="127" count="4" type="stmt"/>
        <line num="128" count="4" type="cond" truecount="2" falsecount="0"/>
        <line num="129" count="3" type="stmt"/>
        <line num="130" count="3" type="stmt"/>
        <line num="131" count="3" type="stmt"/>
        <line num="136" count="30" type="stmt"/>
      </file>
    </package>
    <package name="src.events">
      <metrics statements="98" coveredstatements="0" conditionals="52" coveredconditionals="0" methods="13" coveredmethods="0"/>
      <file name="sse-client.ts" path="/Users/rahular/Documents/Projects/clawforge-workspace/clawforge/plugin/src/events/sse-client.ts">
        <metrics statements="98" coveredstatements="0" conditionals="52" coveredconditionals="0" methods="13" coveredmethods="0"/>
        <line num="14" count="0" type="stmt"/>
        <line num="15" count="0" type="stmt"/>
        <line num="24" count="0" type="stmt"/>
        <line num="25" count="0" type="stmt"/>
        <line num="26" count="0" type="stmt"/>
        <line num="27" count="0" type="stmt"/>
        <line num="43" count="0" type="cond" truecount="0" falsecount="2"/>
        <line num="44" count="0" type="stmt"/>
        <line num="45" count="0" type="stmt"/>
        <line num="46" count="0" type="stmt"/>
        <line num="47" count="0" type="stmt"/>
        <line num="48" count="0" type="stmt"/>
        <line num="55" count="0" type="cond" truecount="0" falsecount="2"/>
        <line num="56" count="0" type="stmt"/>
        <line num="57" count="0" type="stmt"/>
        <line num="59" count="0" type="stmt"/>
        <line num="60" count="0" type="stmt"/>
        <line num="67" count="0" type="stmt"/>
        <line num="68" count="0" type="cond" truecount="0" falsecount="2"/>
        <line num="69" count="0" type="stmt"/>
        <line num="70" count="0" type="stmt"/>
        <line num="72" count="0" type="cond" truecount="0" falsecount="2"/>
        <line num="73" count="0" type="stmt"/>
        <line num="74" count="0" type="stmt"/>
        <line num="82" count="0" type="stmt"/>
        <line num="84" count="0" type="stmt"/>
        <line num="85" count="0" type="cond" truecount="0" falsecount="2"/>
        <line num="86" count="0" type="stmt"/>
        <line num="91" count="0" type="cond" truecount="0" falsecount="2"/>
        <line num="93" count="0" type="stmt"/>
        <line num="94" count="0" type="stmt"/>
        <line num="96" count="0" type="stmt"/>
        <line num="98" count="0" type="stmt"/>
        <line num="106" count="0" type="cond" truecount="0" falsecount="2"/>
        <line num="107" count="0" type="stmt"/>
        <line num="109" count="0" type="cond" truecount="0" falsecount="2"/>
        <line num="110" count="0" type="stmt"/>
        <line num="114" count="0" type="stmt"/>
        <line num="115" count="0" type="stmt"/>
        <line num="117" count="0" type="stmt"/>
        <line num="121" count="0" type="stmt"/>
        <line num="124" count="0" type="cond" truecount="0" falsecount="2"/>
        <line num="125" count="0" type="cond" truecount="0" falsecount="2"/>
        <line num="127" count="0" type="cond" truecount="0" falsecount="4"/>
        <line num="128" count="0" type="stmt"/>
        <line num="130" count="0" type="stmt"/>
        <line num="131" count="0" type="stmt"/>
        <line num="136" count="0" type="stmt"/>
        <line num="137" count="0" type="stmt"/>
        <line num="138" count="0" type="stmt"/>
        <line num="140" count="0" type="stmt"/>
        <line num="141" count="0" type="stmt"/>
        <line num="142" count="0" type="stmt"/>
        <line num="143" count="0" type="cond" truecount="0" falsecount="2"/>
        <line num="145" count="0" type="stmt"/>
        <line num="148" count="0" type="stmt"/>
        <line num="150" count="0" type="cond" truecount="0" falsecount="2"/>
        <line num="152" count="0" type="stmt"/>
        <line num="153" count="0" type="stmt"/>
        <line num="157" count="0" type="stmt"/>
        <line num="162" count="0" type="stmt"/>
        <line num="163" count="0" type="stmt"/>
        <line num="165" count="0" type="stmt"/>
        <line num="166" count="0" type="cond" truecount="0" falsecount="2"/>
        <line num="167" count="0" type="stmt"/>
        <line num="168" count="0" type="cond" truecount="0" falsecount="2"/>
        <line num="169" count="0" type="stmt"/>
        <line num="170" count="0" type="cond" truecount="0" falsecount="2"/>
        <line num="175" count="0" type="cond" truecount="0" falsecount="4"/>
        <line num="178" count="0" type="stmt"/>
        <line num="179" count="0" type="stmt"/>
        <line num="181" count="0" type="stmt"/>
        <line num="182" count="0" type="stmt"/>
        <line num="185" count="0" type="stmt"/>
        <line num="189" count="0" type="cond" truecount="0" falsecount="4"/>
        <line num="191" count="0" type="stmt"/>
        <line num="192" count="0" type="cond" truecount="0" falsecount="2"/>
        <line num="193" count="0" type="cond" truecount="0" falsecount="2"/>
        <line num="194" count="0" type="cond" truecount="0" falsecount="2"/>
        <line num="196" count="0" type="stmt"/>
        <line num="197" count="0" type="stmt"/>
        <line num="199" count="0" type="cond" truecount="0" falsecount="2"/>
        <line num="200" count="0" type="stmt"/>
        <line num="202" count="0" type="stmt"/>
        <line num="203" count="0" type="stmt"/>
        <line num="205" count="0" type="stmt"/>
        <line num="209" count="0" type="stmt"/>
        <line num="210" count="0" type="stmt"/>
        <line num="211" count="0" type="stmt"/>
        <line num="215" count="0" type="stmt"/>
        <line num="216" count="0" type="stmt"/>
        <line num="220" count="0" type="stmt"/>
        <line num="225" count="0" type="cond" truecount="0" falsecount="2"/>
        <line num="227" count="0" type="stmt"/>
        <line num="229" count="0" type="stmt"/>
        <line num="230" count="0" type="stmt"/>
        <line num="231" count="0" type="stmt"/>
        <line num="235" count="0" type="stmt"/>
      </file>
    </package>
    <package name="src.heartbeat">
      <metrics statements="68" coveredstatements="63" conditionals="37" coveredconditionals="28" methods="9" coveredmethods="7"/>
      <file name="kill-switch.ts" path="/Users/rahular/Documents/Projects/clawforge-workspace/clawforge/plugin/src/heartbeat/kill-switch.ts">
        <metrics statements="68" coveredstatements="63" conditionals="37" coveredconditionals="28" methods="9" coveredmethods="7"/>
        <line num="11" count="1" type="stmt"/>
        <line num="12" count="1" type="stmt"/>
        <line num="15" count="10" type="stmt"/>
        <line num="36" count="10" type="cond" truecount="2" falsecount="0"/>
        <line num="37" count="10" type="stmt"/>
        <line num="38" count="10" type="stmt"/>
        <line num="39" count="10" type="stmt"/>
        <line num="40" count="10" type="cond" truecount="1" falsecount="1"/>
        <line num="41" count="10" type="cond" truecount="1" falsecount="1"/>
        <line num="42" count="10" type="stmt"/>
        <line num="43" count="10" type="cond" truecount="2" falsecount="0"/>
        <line num="44" count="10" type="stmt"/>
        <line num="45" count="10" type="stmt"/>
        <line num="46" count="10" type="stmt"/>
        <line num="50" count="10" type="cond" truecount="1" falsecount="1"/>
        <line num="51" count="0" type="stmt"/>
        <line num="53" count="10" type="stmt"/>
        <line num="54" count="16" type="stmt"/>
        <line num="55" count="0" type="stmt"/>
        <line num="58" count="10" type="cond" truecount="1" falsecount="1"/>
        <line num="59" count="10" type="stmt"/>
        <line num="64" count="10" type="cond" truecount="1" falsecount="1"/>
        <line num="65" count="10" type="stmt"/>
        <line num="66" count="10" type="stmt"/>
        <line num="71" count="0" type="stmt"/>
        <line num="75" count="16" type="cond" truecount="2" falsecount="0"/>
        <line num="76" count="1" type="stmt"/>
        <line num="79" count="15" type="stmt"/>
        <line num="80" count="15" type="stmt"/>
        <line num="81" count="15" type="stmt"/>
        <line num="88" count="6" type="cond" truecount="1" falsecount="1"/>
        <line num="89" count="0" type="stmt"/>
        <line num="90" count="0" type="stmt"/>
        <line num="93" count="6" type="stmt"/>
        <line num="96" count="6" type="stmt"/>
        <line num="99" count="16" type="cond" truecount="2" falsecount="0"/>
        <line num="100" count="1" type="stmt"/>
        <line num="101" count="1" type="stmt"/>
        <line num="105" count="6" type="cond" truecount="2" falsecount="0"/>
        <line num="106" count="1" type="cond" truecount="1" falsecount="1"/>
        <line num="107" count="1" type="cond" truecount="1" falsecount="1"/>
        <line num="109" count="1" type="stmt"/>
        <line num="110" count="1" type="stmt"/>
        <line num="112" count="5" type="cond" truecount="2" falsecount="0"/>
        <line num="113" count="1" type="stmt"/>
        <line num="115" count="5" type="stmt"/>
        <line num="116" count="5" type="stmt"/>
        <line num="120" count="6" type="cond" truecount="2" falsecount="0"/>
        <line num="121" count="1" type="stmt"/>
        <line num="122" count="1" type="stmt"/>
        <line num="125" count="9" type="stmt"/>
        <line num="130" count="9" type="stmt"/>
        <line num="131" count="9" type="cond" truecount="1" falsecount="1"/>
        <line num="133" count="9" type="stmt"/>
        <line num="135" count="9" type="cond" truecount="2" falsecount="0"/>
        <line num="136" count="4" type="stmt"/>
        <line num="144" count="4" type="cond" truecount="3" falsecount="0"/>
        <line num="146" count="1" type="stmt"/>
        <line num="149" count="1" type="stmt"/>
        <line num="150" count="1" type="stmt"/>
        <line num="152" count="1" type="stmt"/>
        <line num="153" count="1" type="stmt"/>
        <line num="156" count="2" type="stmt"/>
        <line num="159" count="2" type="stmt"/>
        <line num="160" count="2" type="stmt"/>
        <line num="163" count="1" type="stmt"/>
        <line num="166" count="1" type="stmt"/>
        <line num="167" count="1" type="stmt"/>
      </file>
    </package>
    <package name="src.policy">
      <metrics statements="100" coveredstatements="86" conditionals="78" coveredconditionals="59" methods="17" coveredmethods="15"/>
      <file name="org-policy-cache.ts" path="/Users/rahular/Documents/Projects/clawforge-workspace/clawforge/plugin/src/policy/org-policy-cache.ts">
        <metrics statements="20" coveredstatements="19" conditionals="7" coveredconditionals="4" methods="4" coveredmethods="4"/>
        <line num="11" count="1" type="stmt"/>
        <line num="12" count="1" type="stmt"/>
        <line num="13" count="1" type="stmt"/>
        <line num="16" count="3" type="stmt"/>
        <line num="20" count="4" type="stmt"/>
        <line num="21" count="4" type="stmt"/>
        <line num="22" count="4" type="stmt"/>
        <line num="23" count="4" type="cond" truecount="1" falsecount="2"/>
        <line num="24" count="4" type="cond" truecount="2" falsecount="0"/>
        <line num="25" count="2" type="stmt"/>
        <line num="27" count="1" type="stmt"/>
        <line num="29" count="1" type="stmt"/>
        <line num="34" count="3" type="stmt"/>
        <line num="35" count="3" type="stmt"/>
        <line num="40" count="3" type="stmt"/>
        <line num="47" count="1" type="stmt"/>
        <line num="48" count="1" type="stmt"/>
        <line num="49" count="1" type="stmt"/>
        <line num="50" count="1" type="stmt"/>
        <line num="52" count="0" type="stmt"/>
      </file>
      <file name="org-policy-client.ts" path="/Users/rahular/Documents/Projects/clawforge-workspace/clawforge/plugin/src/policy/org-policy-client.ts">
        <metrics statements="10" coveredstatements="0" conditionals="4" coveredconditionals="0" methods="2" coveredmethods="0"/>
        <line num="13" count="0" type="stmt"/>
        <line num="15" count="0" type="stmt"/>
        <line num="22" count="0" type="cond" truecount="0" falsecount="2"/>
        <line num="23" count="0" type="stmt"/>
        <line num="24" count="0" type="stmt"/>
        <line num="27" count="0" type="stmt"/>
        <line num="34" count="0" type="stmt"/>
        <line num="43" count="0" type="cond" truecount="0" falsecount="2"/>
        <line num="44" count="0" type="stmt"/>
        <line num="47" count="0" type="stmt"/>
      </file>
      <file name="skill-filter.ts" path="/Users/rahular/Documents/Projects/clawforge-workspace/clawforge/plugin/src/policy/skill-filter.ts">
        <metrics statements="4" coveredstatements="4" conditionals="4" coveredconditionals="4" methods="2" coveredmethods="2"/>
        <line num="20" count="4" type="cond" truecount="2" falsecount="0"/>
        <line num="21" count="1" type="stmt"/>
        <line num="24" count="3" type="cond" truecount="2" falsecount="0"/>
        <line num="26" count="3" type="stmt"/>
      </file>
      <file name="tool-enforcer.ts" path="/Users/rahular/Documents/Projects/clawforge-workspace/clawforge/plugin/src/policy/tool-enforcer.ts">
        <metrics statements="66" coveredstatements="63" conditionals="63" coveredconditionals="51" methods="9" coveredmethods="9"/>
        <line num="25" count="1" type="stmt"/>
        <line num="31" count="55" type="stmt"/>
        <line num="32" count="55" type="cond" truecount="2" falsecount="0"/>
        <line num="38" count="1" type="stmt"/>
        <line num="60" count="24" type="stmt"/>
        <line num="61" count="24" type="stmt"/>
        <line num="62" count="27" type="stmt"/>
        <line num="63" count="27" type="stmt"/>
        <line num="64" count="27" type="cond" truecount="2" falsecount="0"/>
        <line num="65" count="15" type="stmt"/>
        <line num="66" count="54" type="stmt"/>
        <line num="69" count="12" type="stmt"/>
        <line num="72" count="24" type="stmt"/>
        <line num="80" count="1" type="stmt"/>
        <line num="113" count="1" type="stmt"/>
        <line num="137" count="1" type="stmt"/>
        <line num="144" count="9" type="stmt"/>
        <line num="146" count="9" type="stmt"/>
        <line num="148" count="10" type="stmt"/>
        <line num="150" count="9" type="stmt"/>
        <line num="152" count="10" type="stmt"/>
        <line num="153" count="10" type="stmt"/>
        <line num="154" count="11" type="cond" truecount="6" falsecount="0"/>
        <line num="155" count="1" type="stmt"/>
        <line num="158" count="10" type="cond" truecount="1" falsecount="1"/>
        <line num="159" count="11" type="cond" truecount="2" falsecount="0"/>
        <line num="160" count="10" type="stmt"/>
        <line num="162" count="10" type="stmt"/>
        <line num="165" count="9" type="stmt"/>
        <line num="174" count="10" type="cond" truecount="3" falsecount="0"/>
        <line num="175" count="10" type="cond" truecount="2" falsecount="0"/>
        <line num="177" count="9" type="cond" truecount="1" falsecount="2"/>
        <line num="178" count="10" type="cond" truecount="1" falsecount="1"/>
        <line num="180" count="9" type="stmt"/>
        <line num="181" count="10" type="stmt"/>
        <line num="205" count="22" type="stmt"/>
        <line num="209" count="28" type="stmt"/>
        <line num="212" count="28" type="cond" truecount="1" falsecount="1"/>
        <line num="213" count="0" type="stmt"/>
        <line num="221" count="0" type="stmt"/>
        <line num="224" count="28" type="cond" truecount="1" falsecount="1"/>
        <line num="227" count="0" type="stmt"/>
        <line num="231" count="28" type="cond" truecount="2" falsecount="0"/>
        <line num="232" count="2" type="cond" truecount="2" falsecount="0"/>
        <line num="233" count="2" type="stmt"/>
        <line num="241" count="2" type="stmt"/>
        <line num="244" count="26" type="stmt"/>
        <line num="259" count="26" type="cond" truecount="2" falsecount="0"/>
        <line num="261" count="1" type="stmt"/>
        <line num="269" count="1" type="stmt"/>
        <line num="273" count="25" type="cond" truecount="4" falsecount="0"/>
        <line num="274" count="18" type="stmt"/>
        <line num="275" count="18" type="cond" truecount="2" falsecount="0"/>
        <line num="276" count="6" type="stmt"/>
        <line num="284" count="6" type="stmt"/>
        <line num="292" count="12" type="cond" truecount="4" falsecount="0"/>
        <line num="293" count="8" type="cond" truecount="1" falsecount="2"/>
        <line num="294" count="8" type="stmt"/>
        <line num="302" count="8" type="stmt"/>
        <line num="310" count="11" type="cond" truecount="4" falsecount="0"/>
        <line num="311" count="6" type="stmt"/>
        <line num="312" count="6" type="cond" truecount="2" falsecount="0"/>
        <line num="313" count="2" type="stmt"/>
        <line num="321" count="2" type="stmt"/>
        <line num="329" count="9" type="stmt"/>
        <line num="338" count="26" type="stmt"/>
      </file>
    </package>
    <package name="src.security">
      <metrics statements="153" coveredstatements="0" conditionals="86" coveredconditionals="0" methods="17" coveredmethods="0"/>
      <file name="skill-scanner.ts" path="/Users/rahular/Documents/Projects/clawforge-workspace/clawforge/plugin/src/security/skill-scanner.ts">
        <metrics statements="153" coveredstatements="0" conditionals="86" coveredconditionals="0" methods="17" coveredmethods="0"/>
        <line num="9" count="0" type="cond" truecount="0" falsecount="3"/>
        <line num="13" count="0" type="cond" truecount="0" falsecount="2"/>
        <line num="17" count="0" type="stmt"/>
        <line num="18" count="0" type="stmt"/>
        <line num="19" count="0" type="stmt"/>
        <line num="20" count="0" type="cond" truecount="0" falsecount="4"/>
        <line num="56" count="0" type="stmt"/>
        <line num="58" count="0" type="stmt"/>
        <line num="59" count="0" type="stmt"/>
        <line num="62" count="0" type="stmt"/>
        <line num="88" count="0" type="stmt"/>
        <line num="116" count="0" type="stmt"/>
        <line num="118" count="0" type="stmt"/>
        <line num="152" count="0" type="cond" truecount="0" falsecount="2"/>
        <line num="153" count="0" type="stmt"/>
        <line num="155" count="0" type="stmt"/>
        <line num="159" count="0" type="stmt"/>
        <line num="160" count="0" type="stmt"/>
        <line num="161" count="0" type="stmt"/>
        <line num="164" count="0" type="stmt"/>
        <line num="165" count="0" type="cond" truecount="0" falsecount="2"/>
        <line num="166" count="0" type="stmt"/>
        <line num="170" count="0" type="cond" truecount="0" falsecount="4"/>
        <line num="171" count="0" type="stmt"/>
        <line num="174" count="0" type="stmt"/>
        <line num="175" count="0" type="stmt"/>
        <line num="176" count="0" type="stmt"/>
        <line num="177" count="0" type="cond" truecount="0" falsecount="2"/>
        <line num="178" count="0" type="stmt"/>
        <line num="182" count="0" type="cond" truecount="0" falsecount="2"/>
        <line num="183" count="0" type="stmt"/>
        <line num="184" count="0" type="cond" truecount="0" falsecount="2"/>
        <line num="185" count="0" type="stmt"/>
        <line num="189" count="0" type="stmt"/>
        <line num="197" count="0" type="stmt"/>
        <line num="198" count="0" type="stmt"/>
        <line num="203" count="0" type="stmt"/>
        <line num="204" count="0" type="stmt"/>
        <line num="207" count="0" type="stmt"/>
        <line num="208" count="0" type="cond" truecount="0" falsecount="2"/>
        <line num="209" count="0" type="stmt"/>
        <line num="212" count="0" type="cond" truecount="0" falsecount="2"/>
        <line num="213" count="0" type="stmt"/>
        <line num="215" count="0" type="cond" truecount="0" falsecount="4"/>
        <line num="216" count="0" type="stmt"/>
        <line num="220" count="0" type="stmt"/>
        <line num="221" count="0" type="stmt"/>
        <line num="222" count="0" type="stmt"/>
        <line num="223" count="0" type="cond" truecount="0" falsecount="2"/>
        <line num="224" count="0" type="stmt"/>
        <line num="225" count="0" type="stmt"/>
        <line num="226" count="0" type="stmt"/>
        <line num="232" count="0" type="cond" truecount="0" falsecount="2"/>
        <line num="233" count="0" type="stmt"/>
        <line num="234" count="0" type="stmt"/>
        <line num="237" count="0" type="stmt"/>
        <line num="245" count="0" type="stmt"/>
        <line num="248" count="0" type="stmt"/>
        <line num="256" count="0" type="stmt"/>
        <line num="264" count="0" type="stmt"/>
        <line num="265" count="0" type="stmt"/>
        <line num="267" count="0" type="cond" truecount="0" falsecount="2"/>
        <line num="268" count="0" type="stmt"/>
        <line num="269" count="0" type="cond" truecount="0" falsecount="2"/>
        <line num="270" count="0" type="stmt"/>
        <line num="273" count="0" type="stmt"/>
        <line num="274" count="0" type="stmt"/>
        <line num="275" count="0" type="cond" truecount="0" falsecount="2"/>
        <line num="276" count="0" type="stmt"/>
        <line num="279" count="0" type="cond" truecount="0" falsecount="4"/>
        <line num="280" count="0" type="stmt"/>
        <line num="283" count="0" type="stmt"/>
        <line num="284" count="0" type="cond" truecount="0" falsecount="2"/>
        <line num="285" count="0" type="stmt"/>
        <line num="286" count="0" type="cond" truecount="0" falsecount="2"/>
        <line num="287" count="0" type="stmt"/>
        <line num="292" count="0" type="stmt"/>
        <line num="296" count="0" type="cond" truecount="0" falsecount="2"/>
        <line num="297" count="0" type="stmt"/>
        <line num="300" count="0" type="stmt"/>
        <line num="301" count="0" type="stmt"/>
        <line num="303" count="0" type="stmt"/>
        <line num="304" count="0" type="stmt"/>
        <line num="305" count="0" type="cond" truecount="0" falsecount="2"/>
        <line num="306" count="0" type="stmt"/>
        <line num="308" count="0" type="cond" truecount="0" falsecount="2"/>
        <line num="309" count="0" type="stmt"/>
        <line num="311" count="0" type="cond" truecount="0" falsecount="2"/>
        <line num="312" count="0" type="stmt"/>
        <line num="315" count="0" type="stmt"/>
        <line num="316" count="0" type="stmt"/>
        <line num="317" count="0" type="stmt"/>
        <line num="319" count="0" type="cond" truecount="0" falsecount="2"/>
        <line num="320" count="0" type="stmt"/>
        <line num="322" count="0" type="stmt"/>
        <line num="324" count="0" type="cond" truecount="0" falsecount="2"/>
        <line num="325" count="0" type="stmt"/>
        <line num="328" count="0" type="stmt"/>
        <line num="329" count="0" type="stmt"/>
        <line num="332" count="0" type="stmt"/>
        <line num="336" count="0" type="stmt"/>
        <line num="340" count="0" type="cond" truecount="0" falsecount="2"/>
        <line num="341" count="0" type="stmt"/>
        <line num="344" count="0" type="stmt"/>
        <line num="345" count="0" type="stmt"/>
        <line num="346" count="0" type="stmt"/>
        <line num="347" count="0" type="stmt"/>
        <line num="348" count="0" type="cond" truecount="0" falsecount="2"/>
        <line num="349" count="0" type="stmt"/>
        <line num="351" count="0" type="stmt"/>
        <line num="352" count="0" type="cond" truecount="0" falsecount="2"/>
        <line num="353" count="0" type="stmt"/>
        <line num="355" count="0" type="stmt"/>
        <line num="356" count="0" type="stmt"/>
        <line num="358" count="0" type="stmt"/>
        <line num="362" count="0" type="stmt"/>
        <line num="363" count="0" type="stmt"/>
        <line num="364" count="0" type="stmt"/>
        <line num="366" count="0" type="cond" truecount="0" falsecount="2"/>
        <line num="367" count="0" type="stmt"/>
        <line num="369" count="0" type="stmt"/>
        <line num="371" count="0" type="cond" truecount="0" falsecount="4"/>
        <line num="372" count="0" type="stmt"/>
        <line num="374" count="0" type="stmt"/>
        <line num="375" count="0" type="stmt"/>
        <line num="377" count="0" type="cond" truecount="0" falsecount="2"/>
        <line num="378" count="0" type="stmt"/>
        <line num="380" count="0" type="stmt"/>
        <line num="385" count="0" type="stmt"/>
        <line num="386" count="0" type="stmt"/>
        <line num="387" count="0" type="stmt"/>
        <line num="389" count="0" type="stmt"/>
        <line num="390" count="0" type="stmt"/>
        <line num="391" count="0" type="cond" truecount="0" falsecount="2"/>
        <line num="392" count="0" type="stmt"/>
        <line num="394" count="0" type="stmt"/>
        <line num="395" count="0" type="stmt"/>
        <line num="398" count="0" type="stmt"/>
        <line num="402" count="0" type="stmt"/>
        <line num="403" count="0" type="stmt"/>
        <line num="404" count="0" type="stmt"/>
        <line num="405" count="0" type="stmt"/>
        <line num="407" count="0" type="stmt"/>
        <line num="408" count="0" type="stmt"/>
        <line num="409" count="0" type="cond" truecount="0" falsecount="2"/>
        <line num="410" count="0" type="stmt"/>
        <line num="412" count="0" type="stmt"/>
        <line num="413" count="0" type="stmt"/>
        <line num="414" count="0" type="stmt"/>
        <line num="417" count="0" type="stmt"/>
        <line num="419" count="0" type="stmt"/>
        <line num="420" count="0" type="stmt"/>
        <line num="421" count="0" type="stmt"/>
      </file>
    </package>
    <package name="src.skills">
      <metrics statements="53" coveredstatements="0" conditionals="26" coveredconditionals="0" methods="5" coveredmethods="0"/>
      <file name="submit-command.ts" path="/Users/rahular/Documents/Projects/clawforge-workspace/clawforge/plugin/src/skills/submit-command.ts">
        <metrics statements="53" coveredstatements="0" conditionals="26" coveredconditionals="0" methods="5" coveredmethods="0"/>
        <line num="41" count="0" type="stmt"/>
        <line num="48" count="0" type="stmt"/>
        <line num="49" count="0" type="stmt"/>
        <line num="50" count="0" type="cond" truecount="0" falsecount="2"/>
        <line num="51" count="0" type="stmt"/>
        <line num="56" count="0" type="cond" truecount="0" falsecount="2"/>
        <line num="57" count="0" type="stmt"/>
        <line num="60" count="0" type="stmt"/>
        <line num="71" count="0" type="stmt"/>
        <line num="72" count="0" type="stmt"/>
        <line num="75" count="0" type="stmt"/>
        <line num="76" count="0" type="stmt"/>
        <line num="77" count="0" type="cond" truecount="0" falsecount="2"/>
        <line num="78" count="0" type="stmt"/>
        <line num="79" count="0" type="stmt"/>
        <line num="80" count="0" type="stmt"/>
        <line num="81" count="0" type="cond" truecount="0" falsecount="2"/>
        <line num="82" count="0" type="stmt"/>
        <line num="83" count="0" type="stmt"/>
        <line num="84" count="0" type="stmt"/>
        <line num="90" count="0" type="stmt"/>
        <line num="92" count="0" type="stmt"/>
        <line num="102" count="0" type="stmt"/>
        <line num="103" count="0" type="cond" truecount="0" falsecount="2"/>
        <line num="104" count="0" type="stmt"/>
        <line num="109" count="0" type="stmt"/>
        <line num="112" count="0" type="stmt"/>
        <line num="113" count="0" type="stmt"/>
        <line num="116" count="0" type="stmt"/>
        <line num="122" count="0" type="stmt"/>
        <line num="123" count="0" type="cond" truecount="0" falsecount="2"/>
        <line num="125" count="0" type="stmt"/>
        <line num="143" count="0" type="stmt"/>
        <line num="145" count="0" type="stmt"/>
        <line num="160" count="0" type="cond" truecount="0" falsecount="2"/>
        <line num="161" count="0" type="stmt"/>
        <line num="162" count="0" type="stmt"/>
        <line num="165" count="0" type="stmt"/>
        <line num="172" count="0" type="stmt"/>
        <line num="173" count="0" type="stmt"/>
        <line num="175" count="0" type="cond" truecount="0" falsecount="2"/>
        <line num="176" count="0" type="stmt"/>
        <line num="178" count="0" type="cond" truecount="0" falsecount="2"/>
        <line num="179" count="0" type="stmt"/>
        <line num="181" count="0" type="cond" truecount="0" falsecount="2"/>
        <line num="182" count="0" type="stmt"/>
        <line num="184" count="0" type="cond" truecount="0" falsecount="2"/>
        <line num="185" count="0" type="stmt"/>
        <line num="187" count="0" type="stmt"/>
        <line num="188" count="0" type="stmt"/>
        <line num="190" count="0" type="cond" truecount="0" falsecount="2"/>
        <line num="191" count="0" type="stmt"/>
        <line num="194" count="0" type="stmt"/>
      </file>
    </package>
  </project>
</coverage>
