{
  "/Users/rahular/Documents/Projects/clawforge-workspace/clawforge/plugin/src/index.ts": {
    "path": "/Users/rahular/Documents/Projects/clawforge-workspace/clawforge/plugin/src/index.ts",
    "statementMap": {
      "0": { "start": { "line": 30, "column": 66 }, "end": { "line": 30, "column": null } },
      "1": { "start": { "line": 31, "column": 44 }, "end": { "line": 31, "column": null } },
      "2": { "start": { "line": 37, "column": 17 }, "end": { "line": 37, "column": null } },
      "3": { "start": { "line": 40, "column": 6 }, "end": { "line": 40, "column": null } },
      "4": { "start": { "line": 41, "column": 2 }, "end": { "line": 58, "column": null } },
      "5": { "start": { "line": 42, "column": 4 }, "end": { "line": 57, "column": null } },
      "6": { "start": { "line": 43, "column": 6 }, "end": { "line": 53, "column": null } },
      "7": { "start": { "line": 44, "column": 8 }, "end": { "line": 44, "column": null } },
      "8": { "start": { "line": 45, "column": 8 }, "end": { "line": 48, "column": null } },
      "9": { "start": { "line": 49, "column": 8 }, "end": { "line": 49, "column": null } },
      "10": { "start": { "line": 51, "column": 8 }, "end": { "line": 51, "column": null } },
      "11": { "start": { "line": 52, "column": 8 }, "end": { "line": 52, "column": null } },
      "12": { "start": { "line": 55, "column": 6 }, "end": { "line": 55, "column": null } },
      "13": { "start": { "line": 56, "column": 6 }, "end": { "line": 56, "column": null } },
      "14": { "start": { "line": 60, "column": 2 }, "end": { "line": 70, "column": null } },
      "15": { "start": { "line": 61, "column": 4 }, "end": { "line": 61, "column": null } },
      "16": { "start": { "line": 63, "column": 22 }, "end": { "line": 66, "column": null } },
      "17": { "start": { "line": 67, "column": 4 }, "end": { "line": 67, "column": null } },
      "18": { "start": { "line": 68, "column": 4 }, "end": { "line": 68, "column": null } },
      "19": { "start": { "line": 69, "column": 4 }, "end": { "line": 69, "column": null } },
      "20": { "start": { "line": 72, "column": 16 }, "end": { "line": 72, "column": null } },
      "21": { "start": { "line": 75, "column": 33 }, "end": { "line": 75, "column": null } },
      "22": { "start": { "line": 76, "column": 19 }, "end": { "line": 76, "column": null } },
      "23": { "start": { "line": 77, "column": 39 }, "end": { "line": 77, "column": null } },
      "24": { "start": { "line": 80, "column": 2 }, "end": { "line": 80, "column": null } },
      "25": { "start": { "line": 82, "column": 2 }, "end": { "line": 103, "column": null } },
      "26": { "start": { "line": 83, "column": 4 }, "end": { "line": 100, "column": null } },
      "27": { "start": { "line": 84, "column": 6 }, "end": { "line": 84, "column": null } },
      "28": { "start": { "line": 85, "column": 6 }, "end": { "line": 90, "column": null } },
      "29": { "start": { "line": 91, "column": 6 }, "end": { "line": 91, "column": null } },
      "30": { "start": { "line": 92, "column": 6 }, "end": { "line": 92, "column": null } },
      "31": { "start": { "line": 94, "column": 6 }, "end": { "line": 94, "column": null } },
      "32": { "start": { "line": 96, "column": 6 }, "end": { "line": 96, "column": null } },
      "33": { "start": { "line": 97, "column": 6 }, "end": { "line": 99, "column": null } },
      "34": { "start": { "line": 98, "column": 8 }, "end": { "line": 98, "column": null } },
      "35": { "start": { "line": 101, "column": 2 }, "end": { "line": 103, "column": null } },
      "36": { "start": { "line": 102, "column": 4 }, "end": { "line": 102, "column": null } },
      "37": { "start": { "line": 106, "column": 2 }, "end": { "line": 121, "column": null } },
      "38": { "start": { "line": 107, "column": 10 }, "end": { "line": 107, "column": null } },
      "39": { "start": { "line": 108, "column": 4 }, "end": { "line": 115, "column": null } },
      "40": { "start": { "line": 110, "column": 21 }, "end": { "line": 110, "column": null } },
      "41": { "start": { "line": 111, "column": 6 }, "end": { "line": 113, "column": null } },
      "42": { "start": { "line": 112, "column": 9 }, "end": { "line": 112, "column": null } },
      "43": { "start": { "line": 114, "column": 7 }, "end": { "line": 114, "column": null } },
      "44": { "start": { "line": 118, "column": 4 }, "end": { "line": 120, "column": null } },
      "45": { "start": { "line": 119, "column": 6 }, "end": { "line": 119, "column": null } },
      "46": { "start": { "line": 124, "column": 43 }, "end": { "line": 128, "column": null } },
      "47": { "start": { "line": 131, "column": 22 }, "end": { "line": 136, "column": null } },
      "48": { "start": { "line": 137, "column": 2 }, "end": { "line": 137, "column": null } },
      "49": { "start": { "line": 138, "column": 2 }, "end": { "line": 138, "column": null } },
      "50": { "start": { "line": 141, "column": 33 }, "end": { "line": 146, "column": null } },
      "51": { "start": { "line": 147, "column": 2 }, "end": { "line": 147, "column": null } },
      "52": { "start": { "line": 150, "column": 8 }, "end": { "line": 150, "column": null } },
      "53": { "start": { "line": 151, "column": 2 }, "end": { "line": 151, "column": null } },
      "54": { "start": { "line": 154, "column": 2 }, "end": { "line": 166, "column": null } },
      "55": { "start": { "line": 155, "column": 4 }, "end": { "line": 165, "column": null } },
      "56": { "start": { "line": 169, "column": 2 }, "end": { "line": 176, "column": null } },
      "57": { "start": { "line": 170, "column": 4 }, "end": { "line": 175, "column": null } },
      "58": { "start": { "line": 178, "column": 2 }, "end": { "line": 189, "column": null } },
      "59": { "start": { "line": 179, "column": 4 }, "end": { "line": 188, "column": null } },
      "60": { "start": { "line": 192, "column": 2 }, "end": { "line": 205, "column": null } },
      "61": { "start": { "line": 193, "column": 4 }, "end": { "line": 193, "column": null } },
      "62": { "start": { "line": 193, "column": 53 }, "end": { "line": 193, "column": null } },
      "63": { "start": { "line": 194, "column": 4 }, "end": { "line": 204, "column": null } },
      "64": { "start": { "line": 207, "column": 2 }, "end": { "line": 220, "column": null } },
      "65": { "start": { "line": 208, "column": 4 }, "end": { "line": 208, "column": null } },
      "66": { "start": { "line": 208, "column": 53 }, "end": { "line": 208, "column": null } },
      "67": { "start": { "line": 209, "column": 4 }, "end": { "line": 219, "column": null } },
      "68": { "start": { "line": 223, "column": 24 }, "end": { "line": 240, "column": null } },
      "69": { "start": { "line": 224, "column": 4 }, "end": { "line": 224, "column": null } },
      "70": { "start": { "line": 224, "column": 39 }, "end": { "line": 224, "column": null } },
      "71": { "start": { "line": 225, "column": 4 }, "end": { "line": 239, "column": null } },
      "72": { "start": { "line": 226, "column": 20 }, "end": { "line": 231, "column": null } },
      "73": { "start": { "line": 232, "column": 6 }, "end": { "line": 232, "column": null } },
      "74": { "start": { "line": 233, "column": 6 }, "end": { "line": 233, "column": null } },
      "75": { "start": { "line": 234, "column": 6 }, "end": { "line": 234, "column": null } },
      "76": { "start": { "line": 235, "column": 6 }, "end": { "line": 235, "column": null } },
      "77": { "start": { "line": 236, "column": 6 }, "end": { "line": 236, "column": null } },
      "78": { "start": { "line": 238, "column": 6 }, "end": { "line": 238, "column": null } },
      "79": { "start": { "line": 243, "column": 2 }, "end": { "line": 260, "column": null } },
      "80": { "start": { "line": 244, "column": 4 }, "end": { "line": 259, "column": null } },
      "81": { "start": { "line": 251, "column": 8 }, "end": { "line": 251, "column": null } },
      "82": { "start": { "line": 252, "column": 8 }, "end": { "line": 252, "column": null } },
      "83": { "start": { "line": 253, "column": 8 }, "end": { "line": 253, "column": null } },
      "84": { "start": { "line": 254, "column": 8 }, "end": { "line": 254, "column": null } },
      "85": { "start": { "line": 255, "column": 8 }, "end": { "line": 255, "column": null } },
      "86": { "start": { "line": 258, "column": 8 }, "end": { "line": 258, "column": null } },
      "87": { "start": { "line": 262, "column": 24 }, "end": { "line": 271, "column": null } },
      "88": { "start": { "line": 268, "column": 6 }, "end": { "line": 268, "column": null } },
      "89": { "start": { "line": 272, "column": 2 }, "end": { "line": 272, "column": null } },
      "90": { "start": { "line": 275, "column": 21 }, "end": { "line": 275, "column": null } },
      "91": { "start": { "line": 276, "column": 36 }, "end": { "line": 276, "column": null } },
      "92": { "start": { "line": 278, "column": 2 }, "end": { "line": 290, "column": null } },
      "93": { "start": { "line": 279, "column": 4 }, "end": { "line": 287, "column": null } },
      "94": { "start": { "line": 284, "column": 8 }, "end": { "line": 284, "column": null } },
      "95": { "start": { "line": 288, "column": 4 }, "end": { "line": 288, "column": null } },
      "96": { "start": { "line": 289, "column": 4 }, "end": { "line": 289, "column": null } },
      "97": { "start": { "line": 293, "column": 26 }, "end": { "line": 303, "column": null } },
      "98": { "start": { "line": 297, "column": 6 }, "end": { "line": 297, "column": null } },
      "99": { "start": { "line": 298, "column": 6 }, "end": { "line": 298, "column": null } },
      "100": { "start": { "line": 299, "column": 6 }, "end": { "line": 299, "column": null } },
      "101": { "start": { "line": 300, "column": 6 }, "end": { "line": 300, "column": null } },
      "102": { "start": { "line": 304, "column": 2 }, "end": { "line": 304, "column": null } },
      "103": { "start": { "line": 307, "column": 2 }, "end": { "line": 313, "column": null } },
      "104": { "start": { "line": 308, "column": 4 }, "end": { "line": 308, "column": null } },
      "105": { "start": { "line": 309, "column": 4 }, "end": { "line": 309, "column": null } },
      "106": { "start": { "line": 310, "column": 4 }, "end": { "line": 310, "column": null } },
      "107": { "start": { "line": 311, "column": 4 }, "end": { "line": 311, "column": null } },
      "108": { "start": { "line": 312, "column": 4 }, "end": { "line": 312, "column": null } },
      "109": { "start": { "line": 315, "column": 2 }, "end": { "line": 317, "column": null } },
      "110": { "start": { "line": 324, "column": 2 }, "end": { "line": 324, "column": null } },
      "111": { "start": { "line": 324, "column": 17 }, "end": { "line": 324, "column": null } },
      "112": { "start": { "line": 325, "column": 2 }, "end": { "line": 325, "column": null } },
      "113": { "start": { "line": 325, "column": 19 }, "end": { "line": 325, "column": null } },
      "114": { "start": { "line": 326, "column": 2 }, "end": { "line": 326, "column": null } },
      "115": { "start": { "line": 326, "column": 22 }, "end": { "line": 326, "column": null } },
      "116": { "start": { "line": 327, "column": 2 }, "end": { "line": 327, "column": null } },
      "117": { "start": { "line": 334, "column": 24 }, "end": { "line": 334, "column": null } },
      "118": { "start": { "line": 337, "column": 2 }, "end": { "line": 350, "column": null } },
      "119": { "start": { "line": 342, "column": 6 }, "end": { "line": 348, "column": null } },
      "120": { "start": { "line": 343, "column": 36 }, "end": { "line": 343, "column": null } },
      "121": { "start": { "line": 344, "column": 24 }, "end": { "line": 344, "column": null } },
      "122": { "start": { "line": 345, "column": 8 }, "end": { "line": 345, "column": null } },
      "123": { "start": { "line": 347, "column": 8 }, "end": { "line": 347, "column": null } },
      "124": { "start": { "line": 353, "column": 2 }, "end": { "line": 412, "column": null } },
      "125": { "start": { "line": 358, "column": 19 }, "end": { "line": 358, "column": null } },
      "126": { "start": { "line": 359, "column": 6 }, "end": { "line": 361, "column": null } },
      "127": { "start": { "line": 360, "column": 8 }, "end": { "line": 360, "column": null } },
      "128": { "start": { "line": 363, "column": 20 }, "end": { "line": 363, "column": null } },
      "129": { "start": { "line": 364, "column": 6 }, "end": { "line": 366, "column": null } },
      "130": { "start": { "line": 365, "column": 8 }, "end": { "line": 365, "column": null } },
      "131": { "start": { "line": 368, "column": 43 }, "end": { "line": 368, "column": null } },
      "132": { "start": { "line": 369, "column": 19 }, "end": { "line": 369, "column": null } },
      "133": { "start": { "line": 371, "column": 6 }, "end": { "line": 373, "column": null } },
      "134": { "start": { "line": 372, "column": 8 }, "end": { "line": 372, "column": null } },
      "135": { "start": { "line": 375, "column": 6 }, "end": { "line": 410, "column": null } },
      "136": { "start": { "line": 376, "column": 20 }, "end": { "line": 380, "column": null } },
      "137": { "start": { "line": 382, "column": 8 }, "end": { "line": 385, "column": null } },
      "138": { "start": { "line": 383, "column": 23 }, "end": { "line": 383, "column": null } },
      "139": { "start": { "line": 384, "column": 10 }, "end": { "line": 384, "column": null } },
      "140": { "start": { "line": 387, "column": 22 }, "end": { "line": 387, "column": null } },
      "141": { "start": { "line": 397, "column": 8 }, "end": { "line": 405, "column": null } },
      "142": { "start": { "line": 407, "column": 8 }, "end": { "line": 407, "column": null } },
      "143": { "start": { "line": 409, "column": 8 }, "end": { "line": 409, "column": null } },
      "144": { "start": { "line": 415, "column": 2 }, "end": { "line": 467, "column": null } },
      "145": { "start": { "line": 420, "column": 30 }, "end": { "line": 420, "column": null } },
      "146": { "start": { "line": 421, "column": 6 }, "end": { "line": 423, "column": null } },
      "147": { "start": { "line": 422, "column": 8 }, "end": { "line": 422, "column": null } },
      "148": { "start": { "line": 425, "column": 12 }, "end": { "line": 425, "column": null } },
      "149": { "start": { "line": 426, "column": 6 }, "end": { "line": 428, "column": null } },
      "150": { "start": { "line": 427, "column": 8 }, "end": { "line": 427, "column": null } },
      "151": { "start": { "line": 430, "column": 6 }, "end": { "line": 432, "column": null } },
      "152": { "start": { "line": 431, "column": 8 }, "end": { "line": 431, "column": null } },
      "153": { "start": { "line": 434, "column": 6 }, "end": { "line": 465, "column": null } },
      "154": { "start": { "line": 436, "column": 10 }, "end": { "line": 436, "column": null } },
      "155": { "start": { "line": 438, "column": 23 }, "end": { "line": 438, "column": null } },
      "156": { "start": { "line": 440, "column": 28 }, "end": { "line": 440, "column": null } },
      "157": { "start": { "line": 442, "column": 23 }, "end": { "line": 447, "column": null } },
      "158": { "start": { "line": 449, "column": 22 }, "end": { "line": 456, "column": null } },
      "159": { "start": { "line": 458, "column": 8 }, "end": { "line": 460, "column": null } },
      "160": { "start": { "line": 459, "column": 10 }, "end": { "line": 459, "column": null } },
      "161": { "start": { "line": 462, "column": 8 }, "end": { "line": 462, "column": null } },
      "162": { "start": { "line": 464, "column": 8 }, "end": { "line": 464, "column": null } },
      "163": { "start": { "line": 470, "column": 2 }, "end": { "line": 507, "column": null } },
      "164": { "start": { "line": 475, "column": 12 }, "end": { "line": 475, "column": null } },
      "165": { "start": { "line": 476, "column": 6 }, "end": { "line": 484, "column": null } },
      "166": { "start": { "line": 477, "column": 27 }, "end": { "line": 477, "column": null } },
      "167": { "start": { "line": 478, "column": 22 }, "end": { "line": 482, "column": null } },
      "168": { "start": { "line": 483, "column": 8 }, "end": { "line": 483, "column": null } },
      "169": { "start": { "line": 486, "column": 12 }, "end": { "line": 486, "column": null } },
      "170": { "start": { "line": 487, "column": 25 }, "end": { "line": 487, "column": null } },
      "171": { "start": { "line": 488, "column": 30 }, "end": { "line": 488, "column": null } },
      "172": { "start": { "line": 489, "column": 34 }, "end": { "line": 489, "column": null } },
      "173": { "start": { "line": 491, "column": 20 }, "end": { "line": 504, "column": null } },
      "174": { "start": { "line": 505, "column": 6 }, "end": { "line": 505, "column": null } },
      "175": { "start": { "line": 510, "column": 2 }, "end": { "line": 516, "column": null } },
      "176": { "start": { "line": 511, "column": 4 }, "end": { "line": 515, "column": null } },
      "177": { "start": { "line": 512, "column": 6 }, "end": { "line": 512, "column": null } },
      "178": { "start": { "line": 514, "column": 6 }, "end": { "line": 514, "column": null } }
    },
    "fnMap": {
      "0": {
        "name": "initializeClawForge",
        "decl": { "start": { "line": 36, "column": 15 }, "end": { "line": 36, "column": 35 } },
        "loc": { "start": { "line": 36, "column": 111 }, "end": { "line": 318, "column": null } },
        "line": 36
      },
      "1": {
        "name": "(anonymous_1)",
        "decl": { "start": { "line": 154, "column": 28 }, "end": { "line": 154, "column": 29 } },
        "loc": { "start": { "line": 154, "column": 44 }, "end": { "line": 166, "column": 3 } },
        "line": 154
      },
      "2": {
        "name": "(anonymous_2)",
        "decl": { "start": { "line": 169, "column": 26 }, "end": { "line": 169, "column": 27 } },
        "loc": { "start": { "line": 169, "column": 42 }, "end": { "line": 176, "column": 3 } },
        "line": 169
      },
      "3": {
        "name": "(anonymous_3)",
        "decl": { "start": { "line": 178, "column": 24 }, "end": { "line": 178, "column": 25 } },
        "loc": { "start": { "line": 178, "column": 40 }, "end": { "line": 189, "column": 3 } },
        "line": 178
      },
      "4": {
        "name": "(anonymous_4)",
        "decl": { "start": { "line": 192, "column": 22 }, "end": { "line": 192, "column": 23 } },
        "loc": { "start": { "line": 192, "column": 38 }, "end": { "line": 205, "column": 3 } },
        "line": 192
      },
      "5": {
        "name": "(anonymous_5)",
        "decl": { "start": { "line": 207, "column": 23 }, "end": { "line": 207, "column": 24 } },
        "loc": { "start": { "line": 207, "column": 39 }, "end": { "line": 220, "column": 3 } },
        "line": 207
      },
      "6": {
        "name": "(anonymous_6)",
        "decl": { "start": { "line": 223, "column": 24 }, "end": { "line": 223, "column": 36 } },
        "loc": { "start": { "line": 223, "column": 36 }, "end": { "line": 240, "column": null } },
        "line": 223
      },
      "7": {
        "name": "(anonymous_7)",
        "decl": { "start": { "line": 250, "column": 12 }, "end": { "line": 250, "column": 13 } },
        "loc": { "start": { "line": 250, "column": 23 }, "end": { "line": 256, "column": 7 } },
        "line": 250
      },
      "8": {
        "name": "(anonymous_8)",
        "decl": { "start": { "line": 257, "column": 13 }, "end": { "line": 257, "column": 14 } },
        "loc": { "start": { "line": 257, "column": 22 }, "end": { "line": 259, "column": 7 } },
        "line": 257
      },
      "9": {
        "name": "(anonymous_9)",
        "decl": { "start": { "line": 267, "column": 27 }, "end": { "line": 267, "column": 33 } },
        "loc": { "start": { "line": 267, "column": 33 }, "end": { "line": 269, "column": null } },
        "line": 267
      },
      "10": {
        "name": "(anonymous_10)",
        "decl": { "start": { "line": 268, "column": 28 }, "end": { "line": 268, "column": 34 } },
        "loc": { "start": { "line": 268, "column": 34 }, "end": { "line": 268, "column": 36 } },
        "line": 268
      },
      "11": {
        "name": "(anonymous_11)",
        "decl": { "start": { "line": 283, "column": 29 }, "end": { "line": 283, "column": 35 } },
        "loc": { "start": { "line": 283, "column": 35 }, "end": { "line": 285, "column": null } },
        "line": 283
      },
      "12": {
        "name": "(anonymous_12)",
        "decl": { "start": { "line": 284, "column": 30 }, "end": { "line": 284, "column": 36 } },
        "loc": { "start": { "line": 284, "column": 36 }, "end": { "line": 284, "column": 38 } },
        "line": 284
      },
      "13": {
        "name": "(anonymous_13)",
        "decl": { "start": { "line": 296, "column": 22 }, "end": { "line": 296, "column": 23 } },
        "loc": { "start": { "line": 296, "column": 38 }, "end": { "line": 301, "column": null } },
        "line": 296
      },
      "14": {
        "name": "(anonymous_14)",
        "decl": { "start": { "line": 307, "column": 25 }, "end": { "line": 307, "column": 37 } },
        "loc": { "start": { "line": 307, "column": 37 }, "end": { "line": 313, "column": 3 } },
        "line": 307
      },
      "15": {
        "name": "formatDuration",
        "decl": { "start": { "line": 323, "column": 9 }, "end": { "line": 323, "column": 24 } },
        "loc": { "start": { "line": 323, "column": 44 }, "end": { "line": 328, "column": null } },
        "line": 323
      },
      "16": {
        "name": "register",
        "decl": { "start": { "line": 333, "column": 16 }, "end": { "line": 333, "column": 25 } },
        "loc": { "start": { "line": 333, "column": 55 }, "end": { "line": 517, "column": null } },
        "line": 333
      },
      "17": {
        "name": "(anonymous_17)",
        "decl": { "start": { "line": 341, "column": 13 }, "end": { "line": 341, "column": 25 } },
        "loc": { "start": { "line": 341, "column": 25 }, "end": { "line": 349, "column": null } },
        "line": 341
      },
      "18": {
        "name": "(anonymous_18)",
        "decl": { "start": { "line": 357, "column": 13 }, "end": { "line": 357, "column": 20 } },
        "loc": { "start": { "line": 357, "column": 28 }, "end": { "line": 411, "column": null } },
        "line": 357
      },
      "19": {
        "name": "(anonymous_19)",
        "decl": { "start": { "line": 419, "column": 13 }, "end": { "line": 419, "column": 20 } },
        "loc": { "start": { "line": 419, "column": 28 }, "end": { "line": 466, "column": null } },
        "line": 419
      },
      "20": {
        "name": "(anonymous_20)",
        "decl": { "start": { "line": 474, "column": 13 }, "end": { "line": 474, "column": 19 } },
        "loc": { "start": { "line": 474, "column": 19 }, "end": { "line": 506, "column": null } },
        "line": 474
      },
      "21": {
        "name": "(anonymous_21)",
        "decl": { "start": { "line": 510, "column": 26 }, "end": { "line": 510, "column": 38 } },
        "loc": { "start": { "line": 510, "column": 38 }, "end": { "line": 516, "column": 3 } },
        "line": 510
      }
    },
    "branchMap": {
      "0": {
        "loc": { "start": { "line": 41, "column": 2 }, "end": { "line": 58, "column": null } },
        "type": "if",
        "locations": [
          { "start": { "line": 41, "column": 2 }, "end": { "line": 58, "column": null } },
          { "start": {}, "end": {} }
        ],
        "line": 41
      },
      "1": {
        "loc": { "start": { "line": 42, "column": 4 }, "end": { "line": 57, "column": null } },
        "type": "if",
        "locations": [
          { "start": { "line": 42, "column": 4 }, "end": { "line": 57, "column": null } },
          { "start": { "line": 54, "column": 11 }, "end": { "line": 57, "column": null } }
        ],
        "line": 42
      },
      "2": {
        "loc": { "start": { "line": 42, "column": 8 }, "end": { "line": 42, "column": 63 } },
        "type": "binary-expr",
        "locations": [
          { "start": { "line": 42, "column": 8 }, "end": { "line": 42, "column": 33 } },
          { "start": { "line": 42, "column": 33 }, "end": { "line": 42, "column": 63 } }
        ],
        "line": 42
      },
      "3": {
        "loc": { "start": { "line": 60, "column": 2 }, "end": { "line": 70, "column": null } },
        "type": "if",
        "locations": [
          { "start": { "line": 60, "column": 2 }, "end": { "line": 70, "column": null } },
          { "start": {}, "end": {} }
        ],
        "line": 60
      },
      "4": {
        "loc": { "start": { "line": 64, "column": 24 }, "end": { "line": 64, "column": null } },
        "type": "binary-expr",
        "locations": [
          { "start": { "line": 64, "column": 24 }, "end": { "line": 64, "column": 66 } },
          { "start": { "line": 64, "column": 66 }, "end": { "line": 64, "column": null } }
        ],
        "line": 64
      },
      "5": {
        "loc": { "start": { "line": 72, "column": 16 }, "end": { "line": 72, "column": null } },
        "type": "binary-expr",
        "locations": [
          { "start": { "line": 72, "column": 16 }, "end": { "line": 72, "column": 33 } },
          { "start": { "line": 72, "column": 33 }, "end": { "line": 72, "column": 55 } },
          { "start": { "line": 72, "column": 55 }, "end": { "line": 72, "column": null } }
        ],
        "line": 72
      },
      "6": {
        "loc": { "start": { "line": 82, "column": 2 }, "end": { "line": 103, "column": null } },
        "type": "if",
        "locations": [
          { "start": { "line": 82, "column": 2 }, "end": { "line": 103, "column": null } },
          { "start": { "line": 101, "column": 2 }, "end": { "line": 103, "column": null } }
        ],
        "line": 82
      },
      "7": {
        "loc": { "start": { "line": 82, "column": 6 }, "end": { "line": 82, "column": 47 } },
        "type": "binary-expr",
        "locations": [
          { "start": { "line": 82, "column": 6 }, "end": { "line": 82, "column": 17 } },
          { "start": { "line": 82, "column": 17 }, "end": { "line": 82, "column": 47 } }
        ],
        "line": 82
      },
      "8": {
        "loc": { "start": { "line": 97, "column": 6 }, "end": { "line": 99, "column": null } },
        "type": "if",
        "locations": [
          { "start": { "line": 97, "column": 6 }, "end": { "line": 99, "column": null } },
          { "start": {}, "end": {} }
        ],
        "line": 97
      },
      "9": {
        "loc": { "start": { "line": 101, "column": 2 }, "end": { "line": 103, "column": null } },
        "type": "if",
        "locations": [
          { "start": { "line": 101, "column": 2 }, "end": { "line": 103, "column": null } },
          { "start": {}, "end": {} }
        ],
        "line": 101
      },
      "10": {
        "loc": { "start": { "line": 106, "column": 2 }, "end": { "line": 121, "column": null } },
        "type": "if",
        "locations": [
          { "start": { "line": 106, "column": 2 }, "end": { "line": 121, "column": null } },
          { "start": {}, "end": {} }
        ],
        "line": 106
      },
      "11": {
        "loc": { "start": { "line": 108, "column": 4 }, "end": { "line": 115, "column": null } },
        "type": "if",
        "locations": [
          { "start": { "line": 108, "column": 4 }, "end": { "line": 115, "column": null } },
          { "start": {}, "end": {} }
        ],
        "line": 108
      },
      "12": {
        "loc": { "start": { "line": 111, "column": 6 }, "end": { "line": 113, "column": null } },
        "type": "if",
        "locations": [
          { "start": { "line": 111, "column": 6 }, "end": { "line": 113, "column": null } },
          { "start": {}, "end": {} }
        ],
        "line": 111
      },
      "13": {
        "loc": { "start": { "line": 118, "column": 4 }, "end": { "line": 120, "column": null } },
        "type": "if",
        "locations": [
          { "start": { "line": 118, "column": 4 }, "end": { "line": 120, "column": null } },
          { "start": {}, "end": {} }
        ],
        "line": 118
      },
      "14": {
        "loc": { "start": { "line": 119, "column": 46 }, "end": { "line": 119, "column": 87 } },
        "type": "binary-expr",
        "locations": [
          { "start": { "line": 119, "column": 46 }, "end": { "line": 119, "column": 75 } },
          { "start": { "line": 119, "column": 75 }, "end": { "line": 119, "column": 87 } }
        ],
        "line": 119
      },
      "15": {
        "loc": { "start": { "line": 126, "column": 22 }, "end": { "line": 126, "column": null } },
        "type": "binary-expr",
        "locations": [
          { "start": { "line": 126, "column": 22 }, "end": { "line": 126, "column": 52 } },
          { "start": { "line": 126, "column": 52 }, "end": { "line": 126, "column": null } }
        ],
        "line": 126
      },
      "16": {
        "loc": { "start": { "line": 142, "column": 22 }, "end": { "line": 142, "column": null } },
        "type": "binary-expr",
        "locations": [
          { "start": { "line": 142, "column": 22 }, "end": { "line": 142, "column": 64 } },
          { "start": { "line": 142, "column": 64 }, "end": { "line": 142, "column": null } }
        ],
        "line": 142
      },
      "17": {
        "loc": { "start": { "line": 158, "column": 15 }, "end": { "line": 158, "column": null } },
        "type": "cond-expr",
        "locations": [
          { "start": { "line": 158, "column": 29 }, "end": { "line": 158, "column": 39 } },
          { "start": { "line": 158, "column": 39 }, "end": { "line": 158, "column": null } }
        ],
        "line": 158
      },
      "18": {
        "loc": { "start": { "line": 163, "column": 12 }, "end": { "line": 163, "column": null } },
        "type": "cond-expr",
        "locations": [
          { "start": { "line": 163, "column": 26 }, "end": { "line": 163, "column": 51 } },
          { "start": { "line": 163, "column": 51 }, "end": { "line": 163, "column": null } }
        ],
        "line": 163
      },
      "19": {
        "loc": { "start": { "line": 193, "column": 4 }, "end": { "line": 193, "column": null } },
        "type": "if",
        "locations": [
          { "start": { "line": 193, "column": 4 }, "end": { "line": 193, "column": null } },
          { "start": {}, "end": {} }
        ],
        "line": 193
      },
      "20": {
        "loc": { "start": { "line": 208, "column": 4 }, "end": { "line": 208, "column": null } },
        "type": "if",
        "locations": [
          { "start": { "line": 208, "column": 4 }, "end": { "line": 208, "column": null } },
          { "start": {}, "end": {} }
        ],
        "line": 208
      },
      "21": {
        "loc": { "start": { "line": 224, "column": 4 }, "end": { "line": 224, "column": null } },
        "type": "if",
        "locations": [
          { "start": { "line": 224, "column": 4 }, "end": { "line": 224, "column": null } },
          { "start": {}, "end": {} }
        ],
        "line": 224
      },
      "22": {
        "loc": { "start": { "line": 243, "column": 2 }, "end": { "line": 260, "column": null } },
        "type": "if",
        "locations": [
          { "start": { "line": 243, "column": 2 }, "end": { "line": 260, "column": null } },
          { "start": {}, "end": {} }
        ],
        "line": 243
      },
      "23": {
        "loc": { "start": { "line": 243, "column": 6 }, "end": { "line": 243, "column": 46 } },
        "type": "binary-expr",
        "locations": [
          { "start": { "line": 243, "column": 6 }, "end": { "line": 243, "column": 16 } },
          { "start": { "line": 243, "column": 16 }, "end": { "line": 243, "column": 46 } }
        ],
        "line": 243
      },
      "24": {
        "loc": { "start": { "line": 278, "column": 2 }, "end": { "line": 290, "column": null } },
        "type": "if",
        "locations": [
          { "start": { "line": 278, "column": 2 }, "end": { "line": 290, "column": null } },
          { "start": {}, "end": {} }
        ],
        "line": 278
      },
      "25": {
        "loc": { "start": { "line": 278, "column": 6 }, "end": { "line": 278, "column": 50 } },
        "type": "binary-expr",
        "locations": [
          { "start": { "line": 278, "column": 6 }, "end": { "line": 278, "column": 20 } },
          { "start": { "line": 278, "column": 20 }, "end": { "line": 278, "column": 50 } }
        ],
        "line": 278
      },
      "26": {
        "loc": { "start": { "line": 294, "column": 21 }, "end": { "line": 294, "column": null } },
        "type": "binary-expr",
        "locations": [
          { "start": { "line": 294, "column": 21 }, "end": { "line": 294, "column": 53 } },
          { "start": { "line": 294, "column": 53 }, "end": { "line": 294, "column": null } }
        ],
        "line": 294
      },
      "27": {
        "loc": { "start": { "line": 316, "column": 52 }, "end": { "line": 316, "column": 77 } },
        "type": "binary-expr",
        "locations": [
          { "start": { "line": 316, "column": 52 }, "end": { "line": 316, "column": 71 } },
          { "start": { "line": 316, "column": 71 }, "end": { "line": 316, "column": 77 } }
        ],
        "line": 316
      },
      "28": {
        "loc": { "start": { "line": 316, "column": 88 }, "end": { "line": 316, "column": 115 } },
        "type": "binary-expr",
        "locations": [
          { "start": { "line": 316, "column": 88 }, "end": { "line": 316, "column": 110 } },
          { "start": { "line": 316, "column": 110 }, "end": { "line": 316, "column": 115 } }
        ],
        "line": 316
      },
      "29": {
        "loc": { "start": { "line": 316, "column": 132 }, "end": { "line": 316, "column": 167 } },
        "type": "binary-expr",
        "locations": [
          { "start": { "line": 316, "column": 132 }, "end": { "line": 316, "column": 160 } },
          { "start": { "line": 316, "column": 160 }, "end": { "line": 316, "column": 167 } }
        ],
        "line": 316
      },
      "30": {
        "loc": { "start": { "line": 324, "column": 2 }, "end": { "line": 324, "column": null } },
        "type": "if",
        "locations": [
          { "start": { "line": 324, "column": 2 }, "end": { "line": 324, "column": null } },
          { "start": {}, "end": {} }
        ],
        "line": 324
      },
      "31": {
        "loc": { "start": { "line": 325, "column": 2 }, "end": { "line": 325, "column": null } },
        "type": "if",
        "locations": [
          { "start": { "line": 325, "column": 2 }, "end": { "line": 325, "column": null } },
          { "start": {}, "end": {} }
        ],
        "line": 325
      },
      "32": {
        "loc": { "start": { "line": 326, "column": 2 }, "end": { "line": 326, "column": null } },
        "type": "if",
        "locations": [
          { "start": { "line": 326, "column": 2 }, "end": { "line": 326, "column": null } },
          { "start": {}, "end": {} }
        ],
        "line": 326
      },
      "33": {
        "loc": { "start": { "line": 334, "column": 24 }, "end": { "line": 334, "column": null } },
        "type": "binary-expr",
        "locations": [
          { "start": { "line": 334, "column": 24 }, "end": { "line": 334, "column": 44 } },
          { "start": { "line": 334, "column": 44 }, "end": { "line": 334, "column": null } }
        ],
        "line": 334
      },
      "34": {
        "loc": { "start": { "line": 345, "column": 39 }, "end": { "line": 345, "column": 70 } },
        "type": "binary-expr",
        "locations": [
          { "start": { "line": 345, "column": 39 }, "end": { "line": 345, "column": 56 } },
          { "start": { "line": 345, "column": 56 }, "end": { "line": 345, "column": 70 } }
        ],
        "line": 345
      },
      "35": {
        "loc": { "start": { "line": 359, "column": 6 }, "end": { "line": 361, "column": null } },
        "type": "if",
        "locations": [
          { "start": { "line": 359, "column": 6 }, "end": { "line": 361, "column": null } },
          { "start": {}, "end": {} }
        ],
        "line": 359
      },
      "36": {
        "loc": { "start": { "line": 364, "column": 6 }, "end": { "line": 366, "column": null } },
        "type": "if",
        "locations": [
          { "start": { "line": 364, "column": 6 }, "end": { "line": 366, "column": null } },
          { "start": {}, "end": {} }
        ],
        "line": 364
      },
      "37": {
        "loc": { "start": { "line": 369, "column": 19 }, "end": { "line": 369, "column": null } },
        "type": "cond-expr",
        "locations": [
          { "start": { "line": 369, "column": 42 }, "end": { "line": 369, "column": 64 } },
          { "start": { "line": 369, "column": 64 }, "end": { "line": 369, "column": null } }
        ],
        "line": 369
      },
      "38": {
        "loc": { "start": { "line": 371, "column": 6 }, "end": { "line": 373, "column": null } },
        "type": "if",
        "locations": [
          { "start": { "line": 371, "column": 6 }, "end": { "line": 373, "column": null } },
          { "start": {}, "end": {} }
        ],
        "line": 371
      },
      "39": {
        "loc": { "start": { "line": 382, "column": 8 }, "end": { "line": 385, "column": null } },
        "type": "if",
        "locations": [
          { "start": { "line": 382, "column": 8 }, "end": { "line": 385, "column": null } },
          { "start": {}, "end": {} }
        ],
        "line": 382
      },
      "40": {
        "loc": { "start": { "line": 421, "column": 6 }, "end": { "line": 423, "column": null } },
        "type": "if",
        "locations": [
          { "start": { "line": 421, "column": 6 }, "end": { "line": 423, "column": null } },
          { "start": {}, "end": {} }
        ],
        "line": 421
      },
      "41": {
        "loc": { "start": { "line": 426, "column": 6 }, "end": { "line": 428, "column": null } },
        "type": "if",
        "locations": [
          { "start": { "line": 426, "column": 6 }, "end": { "line": 428, "column": null } },
          { "start": {}, "end": {} }
        ],
        "line": 426
      },
      "42": {
        "loc": { "start": { "line": 430, "column": 6 }, "end": { "line": 432, "column": null } },
        "type": "if",
        "locations": [
          { "start": { "line": 430, "column": 6 }, "end": { "line": 432, "column": null } },
          { "start": {}, "end": {} }
        ],
        "line": 430
      },
      "43": {
        "loc": { "start": { "line": 444, "column": 17 }, "end": { "line": 444, "column": null } },
        "type": "binary-expr",
        "locations": [
          { "start": { "line": 444, "column": 17 }, "end": { "line": 444, "column": 35 } },
          { "start": { "line": 444, "column": 35 }, "end": { "line": 444, "column": 57 } },
          { "start": { "line": 444, "column": 57 }, "end": { "line": 444, "column": null } }
        ],
        "line": 444
      },
      "44": {
        "loc": { "start": { "line": 458, "column": 8 }, "end": { "line": 460, "column": null } },
        "type": "if",
        "locations": [
          { "start": { "line": 458, "column": 8 }, "end": { "line": 460, "column": null } },
          { "start": {}, "end": {} }
        ],
        "line": 458
      },
      "45": {
        "loc": { "start": { "line": 476, "column": 6 }, "end": { "line": 484, "column": null } },
        "type": "if",
        "locations": [
          { "start": { "line": 476, "column": 6 }, "end": { "line": 484, "column": null } },
          { "start": {}, "end": {} }
        ],
        "line": 476
      },
      "46": {
        "loc": { "start": { "line": 480, "column": 27 }, "end": { "line": 480, "column": 65 } },
        "type": "binary-expr",
        "locations": [
          { "start": { "line": 480, "column": 27 }, "end": { "line": 480, "column": 48 } },
          { "start": { "line": 480, "column": 48 }, "end": { "line": 480, "column": 65 } }
        ],
        "line": 480
      },
      "47": {
        "loc": { "start": { "line": 488, "column": 30 }, "end": { "line": 488, "column": null } },
        "type": "binary-expr",
        "locations": [
          { "start": { "line": 488, "column": 30 }, "end": { "line": 488, "column": 63 } },
          { "start": { "line": 488, "column": 63 }, "end": { "line": 488, "column": null } }
        ],
        "line": 488
      },
      "48": {
        "loc": { "start": { "line": 489, "column": 34 }, "end": { "line": 489, "column": null } },
        "type": "binary-expr",
        "locations": [
          { "start": { "line": 489, "column": 34 }, "end": { "line": 489, "column": 71 } },
          { "start": { "line": 489, "column": 71 }, "end": { "line": 489, "column": null } }
        ],
        "line": 489
      },
      "49": {
        "loc": { "start": { "line": 493, "column": 19 }, "end": { "line": 493, "column": 52 } },
        "type": "binary-expr",
        "locations": [
          { "start": { "line": 493, "column": 19 }, "end": { "line": 493, "column": 37 } },
          { "start": { "line": 493, "column": 37 }, "end": { "line": 493, "column": 52 } }
        ],
        "line": 493
      },
      "50": {
        "loc": { "start": { "line": 495, "column": 25 }, "end": { "line": 495, "column": 55 } },
        "type": "binary-expr",
        "locations": [
          { "start": { "line": 495, "column": 25 }, "end": { "line": 495, "column": 46 } },
          { "start": { "line": 495, "column": 46 }, "end": { "line": 495, "column": 55 } }
        ],
        "line": 495
      },
      "51": {
        "loc": { "start": { "line": 496, "column": 29 }, "end": { "line": 496, "column": 125 } },
        "type": "cond-expr",
        "locations": [
          { "start": { "line": 496, "column": 67 }, "end": { "line": 496, "column": 118 } },
          { "start": { "line": 496, "column": 118 }, "end": { "line": 496, "column": 125 } }
        ],
        "line": 496
      },
      "52": {
        "loc": { "start": { "line": 497, "column": 33 }, "end": { "line": 497, "column": 69 } },
        "type": "binary-expr",
        "locations": [
          { "start": { "line": 497, "column": 33 }, "end": { "line": 497, "column": 68 } },
          { "start": { "line": 497, "column": 68 }, "end": { "line": 497, "column": 69 } }
        ],
        "line": 497
      },
      "53": {
        "loc": { "start": { "line": 498, "column": 21 }, "end": { "line": 498, "column": 65 } },
        "type": "cond-expr",
        "locations": [
          { "start": { "line": 498, "column": 30 }, "end": { "line": 498, "column": 53 } },
          { "start": { "line": 498, "column": 53 }, "end": { "line": 498, "column": 65 } }
        ],
        "line": 498
      },
      "54": {
        "loc": { "start": { "line": 499, "column": 32 }, "end": { "line": 499, "column": 120 } },
        "type": "cond-expr",
        "locations": [
          { "start": { "line": 499, "column": 70 }, "end": { "line": 499, "column": 115 } },
          { "start": { "line": 499, "column": 115 }, "end": { "line": 499, "column": 120 } }
        ],
        "line": 499
      },
      "55": {
        "loc": { "start": { "line": 500, "column": 26 }, "end": { "line": 500, "column": 76 } },
        "type": "cond-expr",
        "locations": [
          { "start": { "line": 500, "column": 55 }, "end": { "line": 500, "column": 66 } },
          { "start": { "line": 500, "column": 66 }, "end": { "line": 500, "column": 76 } }
        ],
        "line": 500
      },
      "56": {
        "loc": { "start": { "line": 501, "column": 26 }, "end": { "line": 501, "column": 57 } },
        "type": "binary-expr",
        "locations": [
          { "start": { "line": 501, "column": 26 }, "end": { "line": 501, "column": 48 } },
          { "start": { "line": 501, "column": 48 }, "end": { "line": 501, "column": 57 } }
        ],
        "line": 501
      },
      "57": {
        "loc": { "start": { "line": 503, "column": 27 }, "end": { "line": 503, "column": 62 } },
        "type": "binary-expr",
        "locations": [
          { "start": { "line": 503, "column": 27 }, "end": { "line": 503, "column": 55 } },
          { "start": { "line": 503, "column": 55 }, "end": { "line": 503, "column": 62 } }
        ],
        "line": 503
      }
    },
    "s": {
      "0": 0,
      "1": 0,
      "2": 0,
      "3": 0,
      "4": 0,
      "5": 0,
      "6": 0,
      "7": 0,
      "8": 0,
      "9": 0,
      "10": 0,
      "11": 0,
      "12": 0,
      "13": 0,
      "14": 0,
      "15": 0,
      "16": 0,
      "17": 0,
      "18": 0,
      "19": 0,
      "20": 0,
      "21": 0,
      "22": 0,
      "23": 0,
      "24": 0,
      "25": 0,
      "26": 0,
      "27": 0,
      "28": 0,
      "29": 0,
      "30": 0,
      "31": 0,
      "32": 0,
      "33": 0,
      "34": 0,
      "35": 0,
      "36": 0,
      "37": 0,
      "38": 0,
      "39": 0,
      "40": 0,
      "41": 0,
      "42": 0,
      "43": 0,
      "44": 0,
      "45": 0,
      "46": 0,
      "47": 0,
      "48": 0,
      "49": 0,
      "50": 0,
      "51": 0,
      "52": 0,
      "53": 0,
      "54": 0,
      "55": 0,
      "56": 0,
      "57": 0,
      "58": 0,
      "59": 0,
      "60": 0,
      "61": 0,
      "62": 0,
      "63": 0,
      "64": 0,
      "65": 0,
      "66": 0,
      "67": 0,
      "68": 0,
      "69": 0,
      "70": 0,
      "71": 0,
      "72": 0,
      "73": 0,
      "74": 0,
      "75": 0,
      "76": 0,
      "77": 0,
      "78": 0,
      "79": 0,
      "80": 0,
      "81": 0,
      "82": 0,
      "83": 0,
      "84": 0,
      "85": 0,
      "86": 0,
      "87": 0,
      "88": 0,
      "89": 0,
      "90": 0,
      "91": 0,
      "92": 0,
      "93": 0,
      "94": 0,
      "95": 0,
      "96": 0,
      "97": 0,
      "98": 0,
      "99": 0,
      "100": 0,
      "101": 0,
      "102": 0,
      "103": 0,
      "104": 0,
      "105": 0,
      "106": 0,
      "107": 0,
      "108": 0,
      "109": 0,
      "110": 0,
      "111": 0,
      "112": 0,
      "113": 0,
      "114": 0,
      "115": 0,
      "116": 0,
      "117": 0,
      "118": 0,
      "119": 0,
      "120": 0,
      "121": 0,
      "122": 0,
      "123": 0,
      "124": 0,
      "125": 0,
      "126": 0,
      "127": 0,
      "128": 0,
      "129": 0,
      "130": 0,
      "131": 0,
      "132": 0,
      "133": 0,
      "134": 0,
      "135": 0,
      "136": 0,
      "137": 0,
      "138": 0,
      "139": 0,
      "140": 0,
      "141": 0,
      "142": 0,
      "143": 0,
      "144": 0,
      "145": 0,
      "146": 0,
      "147": 0,
      "148": 0,
      "149": 0,
      "150": 0,
      "151": 0,
      "152": 0,
      "153": 0,
      "154": 0,
      "155": 0,
      "156": 0,
      "157": 0,
      "158": 0,
      "159": 0,
      "160": 0,
      "161": 0,
      "162": 0,
      "163": 0,
      "164": 0,
      "165": 0,
      "166": 0,
      "167": 0,
      "168": 0,
      "169": 0,
      "170": 0,
      "171": 0,
      "172": 0,
      "173": 0,
      "174": 0,
      "175": 0,
      "176": 0,
      "177": 0,
      "178": 0
    },
    "f": {
      "0": 0,
      "1": 0,
      "2": 0,
      "3": 0,
      "4": 0,
      "5": 0,
      "6": 0,
      "7": 0,
      "8": 0,
      "9": 0,
      "10": 0,
      "11": 0,
      "12": 0,
      "13": 0,
      "14": 0,
      "15": 0,
      "16": 0,
      "17": 0,
      "18": 0,
      "19": 0,
      "20": 0,
      "21": 0
    },
    "b": {
      "0": [0, 0],
      "1": [0, 0],
      "2": [0, 0],
      "3": [0, 0],
      "4": [0, 0],
      "5": [0, 0, 0],
      "6": [0, 0],
      "7": [0, 0],
      "8": [0, 0],
      "9": [0, 0],
      "10": [0, 0],
      "11": [0, 0],
      "12": [0, 0],
      "13": [0, 0],
      "14": [0, 0],
      "15": [0, 0],
      "16": [0, 0],
      "17": [0, 0],
      "18": [0, 0],
      "19": [0, 0],
      "20": [0, 0],
      "21": [0, 0],
      "22": [0, 0],
      "23": [0, 0],
      "24": [0, 0],
      "25": [0, 0],
      "26": [0, 0],
      "27": [0, 0],
      "28": [0, 0],
      "29": [0, 0],
      "30": [0, 0],
      "31": [0, 0],
      "32": [0, 0],
      "33": [0, 0],
      "34": [0, 0],
      "35": [0, 0],
      "36": [0, 0],
      "37": [0, 0],
      "38": [0, 0],
      "39": [0, 0],
      "40": [0, 0],
      "41": [0, 0],
      "42": [0, 0],
      "43": [0, 0, 0],
      "44": [0, 0],
      "45": [0, 0],
      "46": [0, 0],
      "47": [0, 0],
      "48": [0, 0],
      "49": [0, 0],
      "50": [0, 0],
      "51": [0, 0],
      "52": [0, 0],
      "53": [0, 0],
      "54": [0, 0],
      "55": [0, 0],
      "56": [0, 0],
      "57": [0, 0]
    },
    "meta": {
      "lastBranch": 58,
      "lastFunction": 22,
      "lastStatement": 179,
      "seen": {
        "s:30:66:30:Infinity": 0,
        "s:31:44:31:Infinity": 1,
        "f:36:15:36:35": 0,
        "s:37:17:37:Infinity": 2,
        "s:40:6:40:Infinity": 3,
        "b:41:2:58:Infinity:undefined:undefined:undefined:undefined": 0,
        "s:41:2:58:Infinity": 4,
        "b:42:4:57:Infinity:54:11:57:Infinity": 1,
        "s:42:4:57:Infinity": 5,
        "b:42:8:42:33:42:33:42:63": 2,
        "s:43:6:53:Infinity": 6,
        "s:44:8:44:Infinity": 7,
        "s:45:8:48:Infinity": 8,
        "s:49:8:49:Infinity": 9,
        "s:51:8:51:Infinity": 10,
        "s:52:8:52:Infinity": 11,
        "s:55:6:55:Infinity": 12,
        "s:56:6:56:Infinity": 13,
        "b:60:2:70:Infinity:undefined:undefined:undefined:undefined": 3,
        "s:60:2:70:Infinity": 14,
        "s:61:4:61:Infinity": 15,
        "s:63:22:66:Infinity": 16,
        "b:64:24:64:66:64:66:64:Infinity": 4,
        "s:67:4:67:Infinity": 17,
        "s:68:4:68:Infinity": 18,
        "s:69:4:69:Infinity": 19,
        "s:72:16:72:Infinity": 20,
        "b:72:16:72:33:72:33:72:55:72:55:72:Infinity": 5,
        "s:75:33:75:Infinity": 21,
        "s:76:19:76:Infinity": 22,
        "s:77:39:77:Infinity": 23,
        "s:80:2:80:Infinity": 24,
        "b:82:2:103:Infinity:101:2:103:Infinity": 6,
        "s:82:2:103:Infinity": 25,
        "b:82:6:82:17:82:17:82:47": 7,
        "s:83:4:100:Infinity": 26,
        "s:84:6:84:Infinity": 27,
        "s:85:6:90:Infinity": 28,
        "s:91:6:91:Infinity": 29,
        "s:92:6:92:Infinity": 30,
        "s:94:6:94:Infinity": 31,
        "s:96:6:96:Infinity": 32,
        "b:97:6:99:Infinity:undefined:undefined:undefined:undefined": 8,
        "s:97:6:99:Infinity": 33,
        "s:98:8:98:Infinity": 34,
        "b:101:2:103:Infinity:undefined:undefined:undefined:undefined": 9,
        "s:101:2:103:Infinity": 35,
        "s:102:4:102:Infinity": 36,
        "b:106:2:121:Infinity:undefined:undefined:undefined:undefined": 10,
        "s:106:2:121:Infinity": 37,
        "s:107:10:107:Infinity": 38,
        "b:108:4:115:Infinity:undefined:undefined:undefined:undefined": 11,
        "s:108:4:115:Infinity": 39,
        "s:110:21:110:Infinity": 40,
        "b:111:6:113:Infinity:undefined:undefined:undefined:undefined": 12,
        "s:111:6:113:Infinity": 41,
        "s:112:9:112:Infinity": 42,
        "s:114:7:114:Infinity": 43,
        "b:118:4:120:Infinity:undefined:undefined:undefined:undefined": 13,
        "s:118:4:120:Infinity": 44,
        "s:119:6:119:Infinity": 45,
        "b:119:46:119:75:119:75:119:87": 14,
        "s:124:43:128:Infinity": 46,
        "b:126:22:126:52:126:52:126:Infinity": 15,
        "s:131:22:136:Infinity": 47,
        "s:137:2:137:Infinity": 48,
        "s:138:2:138:Infinity": 49,
        "s:141:33:146:Infinity": 50,
        "b:142:22:142:64:142:64:142:Infinity": 16,
        "s:147:2:147:Infinity": 51,
        "s:150:8:150:Infinity": 52,
        "s:151:2:151:Infinity": 53,
        "s:154:2:166:Infinity": 54,
        "f:154:28:154:29": 1,
        "s:155:4:165:Infinity": 55,
        "b:158:29:158:39:158:39:158:Infinity": 17,
        "b:163:26:163:51:163:51:163:Infinity": 18,
        "s:169:2:176:Infinity": 56,
        "f:169:26:169:27": 2,
        "s:170:4:175:Infinity": 57,
        "s:178:2:189:Infinity": 58,
        "f:178:24:178:25": 3,
        "s:179:4:188:Infinity": 59,
        "s:192:2:205:Infinity": 60,
        "f:192:22:192:23": 4,
        "b:193:4:193:Infinity:undefined:undefined:undefined:undefined": 19,
        "s:193:4:193:Infinity": 61,
        "s:193:53:193:Infinity": 62,
        "s:194:4:204:Infinity": 63,
        "s:207:2:220:Infinity": 64,
        "f:207:23:207:24": 5,
        "b:208:4:208:Infinity:undefined:undefined:undefined:undefined": 20,
        "s:208:4:208:Infinity": 65,
        "s:208:53:208:Infinity": 66,
        "s:209:4:219:Infinity": 67,
        "s:223:24:240:Infinity": 68,
        "f:223:24:223:36": 6,
        "b:224:4:224:Infinity:undefined:undefined:undefined:undefined": 21,
        "s:224:4:224:Infinity": 69,
        "s:224:39:224:Infinity": 70,
        "s:225:4:239:Infinity": 71,
        "s:226:20:231:Infinity": 72,
        "s:232:6:232:Infinity": 73,
        "s:233:6:233:Infinity": 74,
        "s:234:6:234:Infinity": 75,
        "s:235:6:235:Infinity": 76,
        "s:236:6:236:Infinity": 77,
        "s:238:6:238:Infinity": 78,
        "b:243:2:260:Infinity:undefined:undefined:undefined:undefined": 22,
        "s:243:2:260:Infinity": 79,
        "b:243:6:243:16:243:16:243:46": 23,
        "s:244:4:259:Infinity": 80,
        "f:250:12:250:13": 7,
        "s:251:8:251:Infinity": 81,
        "s:252:8:252:Infinity": 82,
        "s:253:8:253:Infinity": 83,
        "s:254:8:254:Infinity": 84,
        "s:255:8:255:Infinity": 85,
        "f:257:13:257:14": 8,
        "s:258:8:258:Infinity": 86,
        "s:262:24:271:Infinity": 87,
        "f:267:27:267:33": 9,
        "s:268:6:268:Infinity": 88,
        "f:268:28:268:34": 10,
        "s:272:2:272:Infinity": 89,
        "s:275:21:275:Infinity": 90,
        "s:276:36:276:Infinity": 91,
        "b:278:2:290:Infinity:undefined:undefined:undefined:undefined": 24,
        "s:278:2:290:Infinity": 92,
        "b:278:6:278:20:278:20:278:50": 25,
        "s:279:4:287:Infinity": 93,
        "f:283:29:283:35": 11,
        "s:284:8:284:Infinity": 94,
        "f:284:30:284:36": 12,
        "s:288:4:288:Infinity": 95,
        "s:289:4:289:Infinity": 96,
        "s:293:26:303:Infinity": 97,
        "b:294:21:294:53:294:53:294:Infinity": 26,
        "f:296:22:296:23": 13,
        "s:297:6:297:Infinity": 98,
        "s:298:6:298:Infinity": 99,
        "s:299:6:299:Infinity": 100,
        "s:300:6:300:Infinity": 101,
        "s:304:2:304:Infinity": 102,
        "s:307:2:313:Infinity": 103,
        "f:307:25:307:37": 14,
        "s:308:4:308:Infinity": 104,
        "s:309:4:309:Infinity": 105,
        "s:310:4:310:Infinity": 106,
        "s:311:4:311:Infinity": 107,
        "s:312:4:312:Infinity": 108,
        "s:315:2:317:Infinity": 109,
        "b:316:52:316:71:316:71:316:77": 27,
        "b:316:88:316:110:316:110:316:115": 28,
        "b:316:132:316:160:316:160:316:167": 29,
        "f:323:9:323:24": 15,
        "b:324:2:324:Infinity:undefined:undefined:undefined:undefined": 30,
        "s:324:2:324:Infinity": 110,
        "s:324:17:324:Infinity": 111,
        "b:325:2:325:Infinity:undefined:undefined:undefined:undefined": 31,
        "s:325:2:325:Infinity": 112,
        "s:325:19:325:Infinity": 113,
        "b:326:2:326:Infinity:undefined:undefined:undefined:undefined": 32,
        "s:326:2:326:Infinity": 114,
        "s:326:22:326:Infinity": 115,
        "s:327:2:327:Infinity": 116,
        "f:333:16:333:25": 16,
        "s:334:24:334:Infinity": 117,
        "b:334:24:334:44:334:44:334:Infinity": 33,
        "s:337:2:350:Infinity": 118,
        "f:341:13:341:25": 17,
        "s:342:6:348:Infinity": 119,
        "s:343:36:343:Infinity": 120,
        "s:344:24:344:Infinity": 121,
        "s:345:8:345:Infinity": 122,
        "b:345:39:345:56:345:56:345:70": 34,
        "s:347:8:347:Infinity": 123,
        "s:353:2:412:Infinity": 124,
        "f:357:13:357:20": 18,
        "s:358:19:358:Infinity": 125,
        "b:359:6:361:Infinity:undefined:undefined:undefined:undefined": 35,
        "s:359:6:361:Infinity": 126,
        "s:360:8:360:Infinity": 127,
        "s:363:20:363:Infinity": 128,
        "b:364:6:366:Infinity:undefined:undefined:undefined:undefined": 36,
        "s:364:6:366:Infinity": 129,
        "s:365:8:365:Infinity": 130,
        "s:368:43:368:Infinity": 131,
        "s:369:19:369:Infinity": 132,
        "b:369:42:369:64:369:64:369:Infinity": 37,
        "b:371:6:373:Infinity:undefined:undefined:undefined:undefined": 38,
        "s:371:6:373:Infinity": 133,
        "s:372:8:372:Infinity": 134,
        "s:375:6:410:Infinity": 135,
        "s:376:20:380:Infinity": 136,
        "b:382:8:385:Infinity:undefined:undefined:undefined:undefined": 39,
        "s:382:8:385:Infinity": 137,
        "s:383:23:383:Infinity": 138,
        "s:384:10:384:Infinity": 139,
        "s:387:22:387:Infinity": 140,
        "s:397:8:405:Infinity": 141,
        "s:407:8:407:Infinity": 142,
        "s:409:8:409:Infinity": 143,
        "s:415:2:467:Infinity": 144,
        "f:419:13:419:20": 19,
        "s:420:30:420:Infinity": 145,
        "b:421:6:423:Infinity:undefined:undefined:undefined:undefined": 40,
        "s:421:6:423:Infinity": 146,
        "s:422:8:422:Infinity": 147,
        "s:425:12:425:Infinity": 148,
        "b:426:6:428:Infinity:undefined:undefined:undefined:undefined": 41,
        "s:426:6:428:Infinity": 149,
        "s:427:8:427:Infinity": 150,
        "b:430:6:432:Infinity:undefined:undefined:undefined:undefined": 42,
        "s:430:6:432:Infinity": 151,
        "s:431:8:431:Infinity": 152,
        "s:434:6:465:Infinity": 153,
        "s:436:10:436:Infinity": 154,
        "s:438:23:438:Infinity": 155,
        "s:440:28:440:Infinity": 156,
        "s:442:23:447:Infinity": 157,
        "b:444:17:444:35:444:35:444:57:444:57:444:Infinity": 43,
        "s:449:22:456:Infinity": 158,
        "b:458:8:460:Infinity:undefined:undefined:undefined:undefined": 44,
        "s:458:8:460:Infinity": 159,
        "s:459:10:459:Infinity": 160,
        "s:462:8:462:Infinity": 161,
        "s:464:8:464:Infinity": 162,
        "s:470:2:507:Infinity": 163,
        "f:474:13:474:19": 20,
        "s:475:12:475:Infinity": 164,
        "b:476:6:484:Infinity:undefined:undefined:undefined:undefined": 45,
        "s:476:6:484:Infinity": 165,
        "s:477:27:477:Infinity": 166,
        "s:478:22:482:Infinity": 167,
        "b:480:27:480:48:480:48:480:65": 46,
        "s:483:8:483:Infinity": 168,
        "s:486:12:486:Infinity": 169,
        "s:487:25:487:Infinity": 170,
        "s:488:30:488:Infinity": 171,
        "b:488:30:488:63:488:63:488:Infinity": 47,
        "s:489:34:489:Infinity": 172,
        "b:489:34:489:71:489:71:489:Infinity": 48,
        "s:491:20:504:Infinity": 173,
        "b:493:19:493:37:493:37:493:52": 49,
        "b:495:25:495:46:495:46:495:55": 50,
        "b:496:67:496:118:496:118:496:125": 51,
        "b:497:33:497:68:497:68:497:69": 52,
        "b:498:30:498:53:498:53:498:65": 53,
        "b:499:70:499:115:499:115:499:120": 54,
        "b:500:55:500:66:500:66:500:76": 55,
        "b:501:26:501:48:501:48:501:57": 56,
        "b:503:27:503:55:503:55:503:62": 57,
        "s:505:6:505:Infinity": 174,
        "s:510:2:516:Infinity": 175,
        "f:510:26:510:38": 21,
        "s:511:4:515:Infinity": 176,
        "s:512:6:512:Infinity": 177,
        "s:514:6:514:Infinity": 178
      }
    }
  },
  "/Users/rahular/Documents/Projects/clawforge-workspace/clawforge/plugin/src/types.ts": {
    "path": "/Users/rahular/Documents/Projects/clawforge-workspace/clawforge/plugin/src/types.ts",
    "statementMap": {},
    "fnMap": {},
    "branchMap": {},
    "s": {},
    "f": {},
    "b": {},
    "meta": { "lastBranch": 0, "lastFunction": 0, "lastStatement": 0, "seen": {} }
  },
  "/Users/rahular/Documents/Projects/clawforge-workspace/clawforge/plugin/src/audit/audit-logger.ts": {
    "path": "/Users/rahular/Documents/Projects/clawforge-workspace/clawforge/plugin/src/audit/audit-logger.ts",
    "statementMap": {
      "0": { "start": { "line": 13, "column": 22 }, "end": { "line": 13, "column": null } },
      "1": { "start": { "line": 14, "column": 20 }, "end": { "line": 14, "column": null } },
      "2": { "start": { "line": 16, "column": 27 }, "end": { "line": 16, "column": null } },
      "3": { "start": { "line": 17, "column": 34 }, "end": { "line": 17, "column": null } },
      "4": { "start": { "line": 18, "column": 32 }, "end": { "line": 18, "column": null } },
      "5": { "start": { "line": 19, "column": 33 }, "end": { "line": 19, "column": null } },
      "6": { "start": { "line": 31, "column": 33 }, "end": { "line": 31, "column": null } },
      "7": { "start": { "line": 32, "column": 62 }, "end": { "line": 32, "column": null } },
      "8": { "start": { "line": 42, "column": 30 }, "end": { "line": 42, "column": null } },
      "9": { "start": { "line": 50, "column": 4 }, "end": { "line": 50, "column": null } },
      "10": { "start": { "line": 51, "column": 4 }, "end": { "line": 51, "column": null } },
      "11": { "start": { "line": 52, "column": 4 }, "end": { "line": 52, "column": null } },
      "12": { "start": { "line": 53, "column": 4 }, "end": { "line": 53, "column": null } },
      "13": { "start": { "line": 54, "column": 4 }, "end": { "line": 54, "column": null } },
      "14": { "start": { "line": 55, "column": 4 }, "end": { "line": 55, "column": null } },
      "15": { "start": { "line": 56, "column": 4 }, "end": { "line": 56, "column": null } },
      "16": { "start": { "line": 57, "column": 4 }, "end": { "line": 57, "column": null } },
      "17": { "start": { "line": 58, "column": 4 }, "end": { "line": 58, "column": null } },
      "18": { "start": { "line": 61, "column": 4 }, "end": { "line": 61, "column": null } },
      "19": { "start": { "line": 68, "column": 4 }, "end": { "line": 70, "column": null } },
      "20": { "start": { "line": 69, "column": 6 }, "end": { "line": 69, "column": null } },
      "21": { "start": { "line": 71, "column": 4 }, "end": { "line": 75, "column": null } },
      "22": { "start": { "line": 72, "column": 6 }, "end": { "line": 74, "column": null } },
      "23": { "start": { "line": 73, "column": 8 }, "end": { "line": 73, "column": null } },
      "24": { "start": { "line": 77, "column": 4 }, "end": { "line": 79, "column": null } },
      "25": { "start": { "line": 78, "column": 6 }, "end": { "line": 78, "column": null } },
      "26": { "start": { "line": 86, "column": 4 }, "end": { "line": 89, "column": null } },
      "27": { "start": { "line": 87, "column": 6 }, "end": { "line": 87, "column": null } },
      "28": { "start": { "line": 88, "column": 6 }, "end": { "line": 88, "column": null } },
      "29": { "start": { "line": 90, "column": 4 }, "end": { "line": 90, "column": null } },
      "30": { "start": { "line": 97, "column": 4 }, "end": { "line": 97, "column": null } },
      "31": { "start": { "line": 104, "column": 4 }, "end": { "line": 104, "column": null } },
      "32": { "start": { "line": 111, "column": 4 }, "end": { "line": 111, "column": null } },
      "33": { "start": { "line": 118, "column": 4 }, "end": { "line": 118, "column": null } },
      "34": { "start": { "line": 126, "column": 4 }, "end": { "line": 128, "column": null } },
      "35": { "start": { "line": 127, "column": 6 }, "end": { "line": 127, "column": null } },
      "36": { "start": { "line": 130, "column": 30 }, "end": { "line": 140, "column": null } },
      "37": { "start": { "line": 142, "column": 4 }, "end": { "line": 142, "column": null } },
      "38": { "start": { "line": 145, "column": 4 }, "end": { "line": 149, "column": null } },
      "39": { "start": { "line": 146, "column": 22 }, "end": { "line": 146, "column": null } },
      "40": { "start": { "line": 147, "column": 6 }, "end": { "line": 147, "column": null } },
      "41": { "start": { "line": 148, "column": 6 }, "end": { "line": 148, "column": null } },
      "42": { "start": { "line": 152, "column": 26 }, "end": { "line": 152, "column": null } },
      "43": { "start": { "line": 153, "column": 4 }, "end": { "line": 161, "column": null } },
      "44": { "start": { "line": 154, "column": 6 }, "end": { "line": 154, "column": null } },
      "45": { "start": { "line": 155, "column": 6 }, "end": { "line": 157, "column": null } },
      "46": { "start": { "line": 158, "column": 4 }, "end": { "line": 161, "column": null } },
      "47": { "start": { "line": 160, "column": 6 }, "end": { "line": 160, "column": null } },
      "48": { "start": { "line": 163, "column": 4 }, "end": { "line": 167, "column": null } },
      "49": { "start": { "line": 164, "column": 6 }, "end": { "line": 166, "column": null } },
      "50": { "start": { "line": 165, "column": 8 }, "end": { "line": 165, "column": null } },
      "51": { "start": { "line": 175, "column": 4 }, "end": { "line": 177, "column": null } },
      "52": { "start": { "line": 176, "column": 6 }, "end": { "line": 176, "column": null } },
      "53": { "start": { "line": 179, "column": 18 }, "end": { "line": 179, "column": null } },
      "54": { "start": { "line": 181, "column": 4 }, "end": { "line": 185, "column": null } },
      "55": { "start": { "line": 183, "column": 6 }, "end": { "line": 183, "column": null } },
      "56": { "start": { "line": 184, "column": 6 }, "end": { "line": 184, "column": null } },
      "57": { "start": { "line": 187, "column": 4 }, "end": { "line": 216, "column": null } },
      "58": { "start": { "line": 188, "column": 18 }, "end": { "line": 188, "column": null } },
      "59": { "start": { "line": 189, "column": 23 }, "end": { "line": 196, "column": null } },
      "60": { "start": { "line": 198, "column": 6 }, "end": { "line": 210, "column": null } },
      "61": { "start": { "line": 200, "column": 8 }, "end": { "line": 200, "column": null } },
      "62": { "start": { "line": 201, "column": 8 }, "end": { "line": 201, "column": null } },
      "63": { "start": { "line": 202, "column": 8 }, "end": { "line": 202, "column": null } },
      "64": { "start": { "line": 203, "column": 8 }, "end": { "line": 203, "column": null } },
      "65": { "start": { "line": 205, "column": 8 }, "end": { "line": 205, "column": null } },
      "66": { "start": { "line": 207, "column": 8 }, "end": { "line": 207, "column": null } },
      "67": { "start": { "line": 209, "column": 8 }, "end": { "line": 209, "column": null } },
      "68": { "start": { "line": 212, "column": 6 }, "end": { "line": 212, "column": null } },
      "69": { "start": { "line": 213, "column": 6 }, "end": { "line": 213, "column": null } },
      "70": { "start": { "line": 214, "column": 6 }, "end": { "line": 214, "column": null } },
      "71": { "start": { "line": 215, "column": 6 }, "end": { "line": 215, "column": null } },
      "72": { "start": { "line": 223, "column": 4 }, "end": { "line": 229, "column": null } },
      "73": { "start": { "line": 224, "column": 22 }, "end": { "line": 224, "column": null } },
      "74": { "start": { "line": 225, "column": 6 }, "end": { "line": 225, "column": null } },
      "75": { "start": { "line": 226, "column": 6 }, "end": { "line": 228, "column": null } },
      "76": { "start": { "line": 233, "column": 4 }, "end": { "line": 239, "column": null } },
      "77": { "start": { "line": 234, "column": 6 }, "end": { "line": 234, "column": null } },
      "78": { "start": { "line": 235, "column": 20 }, "end": { "line": 235, "column": null } },
      "79": { "start": { "line": 235, "column": 38 }, "end": { "line": 235, "column": 55 } },
      "80": { "start": { "line": 236, "column": 6 }, "end": { "line": 236, "column": null } },
      "81": { "start": { "line": 243, "column": 4 }, "end": { "line": 247, "column": null } },
      "82": { "start": { "line": 244, "column": 6 }, "end": { "line": 244, "column": null } },
      "83": { "start": { "line": 251, "column": 4 }, "end": { "line": 265, "column": null } },
      "84": { "start": { "line": 252, "column": 18 }, "end": { "line": 252, "column": null } },
      "85": { "start": { "line": 253, "column": 20 }, "end": { "line": 253, "column": null } },
      "86": { "start": { "line": 254, "column": 6 }, "end": { "line": 260, "column": null } },
      "87": { "start": { "line": 255, "column": 8 }, "end": { "line": 259, "column": null } },
      "88": { "start": { "line": 256, "column": 10 }, "end": { "line": 256, "column": null } },
      "89": { "start": { "line": 262, "column": 6 }, "end": { "line": 262, "column": null } }
    },
    "fnMap": {
      "0": {
        "name": "(anonymous_0)",
        "decl": { "start": { "line": 44, "column": 2 }, "end": { "line": 44, "column": 14 } },
        "loc": { "start": { "line": 49, "column": 5 }, "end": { "line": 62, "column": null } },
        "line": 49
      },
      "1": {
        "name": "(anonymous_1)",
        "decl": { "start": { "line": 67, "column": 2 }, "end": { "line": 67, "column": 16 } },
        "loc": { "start": { "line": 67, "column": 16 }, "end": { "line": 80, "column": null } },
        "line": 67
      },
      "2": {
        "name": "(anonymous_2)",
        "decl": { "start": { "line": 71, "column": 34 }, "end": { "line": 71, "column": 40 } },
        "loc": { "start": { "line": 71, "column": 40 }, "end": { "line": 75, "column": 7 } },
        "line": 71
      },
      "3": {
        "name": "(anonymous_3)",
        "decl": { "start": { "line": 72, "column": 25 }, "end": { "line": 72, "column": 26 } },
        "loc": { "start": { "line": 72, "column": 34 }, "end": { "line": 74, "column": 7 } },
        "line": 72
      },
      "4": {
        "name": "(anonymous_4)",
        "decl": { "start": { "line": 85, "column": 8 }, "end": { "line": 85, "column": 30 } },
        "loc": { "start": { "line": 85, "column": 30 }, "end": { "line": 91, "column": null } },
        "line": 85
      },
      "5": {
        "name": "(anonymous_5)",
        "decl": { "start": { "line": 96, "column": 2 }, "end": { "line": 96, "column": 20 } },
        "loc": { "start": { "line": 96, "column": 41 }, "end": { "line": 98, "column": null } },
        "line": 96
      },
      "6": {
        "name": "(anonymous_6)",
        "decl": { "start": { "line": 103, "column": 2 }, "end": { "line": 103, "column": 19 } },
        "loc": { "start": { "line": 103, "column": 61 }, "end": { "line": 105, "column": null } },
        "line": 103
      },
      "7": {
        "name": "(anonymous_7)",
        "decl": { "start": { "line": 110, "column": 6 }, "end": { "line": 110, "column": 27 } },
        "loc": { "start": { "line": 110, "column": 27 }, "end": { "line": 112, "column": null } },
        "line": 110
      },
      "8": {
        "name": "(anonymous_8)",
        "decl": { "start": { "line": 117, "column": 6 }, "end": { "line": 117, "column": 31 } },
        "loc": { "start": { "line": 117, "column": 31 }, "end": { "line": 119, "column": null } },
        "line": 117
      },
      "9": {
        "name": "(anonymous_9)",
        "decl": { "start": { "line": 125, "column": 2 }, "end": { "line": 125, "column": 10 } },
        "loc": { "start": { "line": 125, "column": 50 }, "end": { "line": 168, "column": null } },
        "line": 125
      },
      "10": {
        "name": "(anonymous_10)",
        "decl": { "start": { "line": 164, "column": 25 }, "end": { "line": 164, "column": 26 } },
        "loc": { "start": { "line": 164, "column": 34 }, "end": { "line": 166, "column": 7 } },
        "line": 164
      },
      "11": {
        "name": "(anonymous_11)",
        "decl": { "start": { "line": 174, "column": 8 }, "end": { "line": 174, "column": 31 } },
        "loc": { "start": { "line": 174, "column": 31 }, "end": { "line": 217, "column": null } },
        "line": 174
      },
      "12": {
        "name": "(anonymous_12)",
        "decl": { "start": { "line": 222, "column": 10 }, "end": { "line": 222, "column": 37 } },
        "loc": { "start": { "line": 222, "column": 37 }, "end": { "line": 230, "column": null } },
        "line": 222
      },
      "13": {
        "name": "(anonymous_13)",
        "decl": { "start": { "line": 232, "column": 10 }, "end": { "line": 232, "column": 24 } },
        "loc": { "start": { "line": 232, "column": 52 }, "end": { "line": 240, "column": null } },
        "line": 232
      },
      "14": {
        "name": "(anonymous_14)",
        "decl": { "start": { "line": 235, "column": 31 }, "end": { "line": 235, "column": 32 } },
        "loc": { "start": { "line": 235, "column": 38 }, "end": { "line": 235, "column": 55 } },
        "line": 235
      },
      "15": {
        "name": "(anonymous_15)",
        "decl": { "start": { "line": 242, "column": 10 }, "end": { "line": 242, "column": 39 } },
        "loc": { "start": { "line": 242, "column": 39 }, "end": { "line": 248, "column": null } },
        "line": 242
      },
      "16": {
        "name": "(anonymous_16)",
        "decl": { "start": { "line": 250, "column": 10 }, "end": { "line": 250, "column": 38 } },
        "loc": { "start": { "line": 250, "column": 38 }, "end": { "line": 266, "column": null } },
        "line": 250
      }
    },
    "branchMap": {
      "0": {
        "loc": { "start": { "line": 50, "column": 27 }, "end": { "line": 50, "column": null } },
        "type": "binary-expr",
        "locations": [
          { "start": { "line": 50, "column": 27 }, "end": { "line": 50, "column": 60 } },
          { "start": { "line": 50, "column": 60 }, "end": { "line": 50, "column": null } }
        ],
        "line": 50
      },
      "1": {
        "loc": { "start": { "line": 54, "column": 21 }, "end": { "line": 54, "column": null } },
        "type": "binary-expr",
        "locations": [
          { "start": { "line": 54, "column": 21 }, "end": { "line": 54, "column": 53 } },
          { "start": { "line": 54, "column": 53 }, "end": { "line": 54, "column": null } }
        ],
        "line": 54
      },
      "2": {
        "loc": { "start": { "line": 55, "column": 27 }, "end": { "line": 55, "column": null } },
        "type": "binary-expr",
        "locations": [
          { "start": { "line": 55, "column": 27 }, "end": { "line": 55, "column": 65 } },
          { "start": { "line": 55, "column": 65 }, "end": { "line": 55, "column": null } }
        ],
        "line": 55
      },
      "3": {
        "loc": { "start": { "line": 56, "column": 25 }, "end": { "line": 56, "column": null } },
        "type": "binary-expr",
        "locations": [
          { "start": { "line": 56, "column": 25 }, "end": { "line": 56, "column": 61 } },
          { "start": { "line": 56, "column": 61 }, "end": { "line": 56, "column": null } }
        ],
        "line": 56
      },
      "4": {
        "loc": { "start": { "line": 57, "column": 22 }, "end": { "line": 57, "column": null } },
        "type": "binary-expr",
        "locations": [
          { "start": { "line": 57, "column": 22 }, "end": { "line": 57, "column": 43 } },
          { "start": { "line": 57, "column": 43 }, "end": { "line": 57, "column": null } }
        ],
        "line": 57
      },
      "5": {
        "loc": { "start": { "line": 68, "column": 4 }, "end": { "line": 70, "column": null } },
        "type": "if",
        "locations": [
          { "start": { "line": 68, "column": 4 }, "end": { "line": 70, "column": null } },
          { "start": {}, "end": {} }
        ],
        "line": 68
      },
      "6": {
        "loc": { "start": { "line": 77, "column": 4 }, "end": { "line": 79, "column": null } },
        "type": "if",
        "locations": [
          { "start": { "line": 77, "column": 4 }, "end": { "line": 79, "column": null } },
          { "start": {}, "end": {} }
        ],
        "line": 77
      },
      "7": {
        "loc": { "start": { "line": 86, "column": 4 }, "end": { "line": 89, "column": null } },
        "type": "if",
        "locations": [
          { "start": { "line": 86, "column": 4 }, "end": { "line": 89, "column": null } },
          { "start": {}, "end": {} }
        ],
        "line": 86
      },
      "8": {
        "loc": { "start": { "line": 126, "column": 4 }, "end": { "line": 128, "column": null } },
        "type": "if",
        "locations": [
          { "start": { "line": 126, "column": 4 }, "end": { "line": 128, "column": null } },
          { "start": {}, "end": {} }
        ],
        "line": 126
      },
      "9": {
        "loc": { "start": { "line": 139, "column": 16 }, "end": { "line": 139, "column": null } },
        "type": "cond-expr",
        "locations": [
          { "start": { "line": 139, "column": 45 }, "end": { "line": 139, "column": 63 } },
          { "start": { "line": 139, "column": 63 }, "end": { "line": 139, "column": null } }
        ],
        "line": 139
      },
      "10": {
        "loc": { "start": { "line": 145, "column": 4 }, "end": { "line": 149, "column": null } },
        "type": "if",
        "locations": [
          { "start": { "line": 145, "column": 4 }, "end": { "line": 149, "column": null } },
          { "start": {}, "end": {} }
        ],
        "line": 145
      },
      "11": {
        "loc": { "start": { "line": 153, "column": 4 }, "end": { "line": 161, "column": null } },
        "type": "if",
        "locations": [
          { "start": { "line": 153, "column": 4 }, "end": { "line": 161, "column": null } },
          { "start": { "line": 158, "column": 4 }, "end": { "line": 161, "column": null } }
        ],
        "line": 153
      },
      "12": {
        "loc": { "start": { "line": 153, "column": 8 }, "end": { "line": 153, "column": 77 } },
        "type": "binary-expr",
        "locations": [
          { "start": { "line": 153, "column": 8 }, "end": { "line": 153, "column": 52 } },
          { "start": { "line": 153, "column": 52 }, "end": { "line": 153, "column": 77 } }
        ],
        "line": 153
      },
      "13": {
        "loc": { "start": { "line": 158, "column": 4 }, "end": { "line": 161, "column": null } },
        "type": "if",
        "locations": [
          { "start": { "line": 158, "column": 4 }, "end": { "line": 161, "column": null } },
          { "start": {}, "end": {} }
        ],
        "line": 158
      },
      "14": {
        "loc": { "start": { "line": 163, "column": 4 }, "end": { "line": 167, "column": null } },
        "type": "if",
        "locations": [
          { "start": { "line": 163, "column": 4 }, "end": { "line": 167, "column": null } },
          { "start": {}, "end": {} }
        ],
        "line": 163
      },
      "15": {
        "loc": { "start": { "line": 175, "column": 4 }, "end": { "line": 177, "column": null } },
        "type": "if",
        "locations": [
          { "start": { "line": 175, "column": 4 }, "end": { "line": 177, "column": null } },
          { "start": {}, "end": {} }
        ],
        "line": 175
      },
      "16": {
        "loc": { "start": { "line": 181, "column": 4 }, "end": { "line": 185, "column": null } },
        "type": "if",
        "locations": [
          { "start": { "line": 181, "column": 4 }, "end": { "line": 185, "column": null } },
          { "start": {}, "end": {} }
        ],
        "line": 181
      },
      "17": {
        "loc": { "start": { "line": 198, "column": 6 }, "end": { "line": 210, "column": null } },
        "type": "if",
        "locations": [
          { "start": { "line": 198, "column": 6 }, "end": { "line": 210, "column": null } },
          { "start": { "line": 204, "column": 13 }, "end": { "line": 210, "column": null } }
        ],
        "line": 198
      },
      "18": {
        "loc": { "start": { "line": 223, "column": 4 }, "end": { "line": 229, "column": null } },
        "type": "if",
        "locations": [
          { "start": { "line": 223, "column": 4 }, "end": { "line": 229, "column": null } },
          { "start": {}, "end": {} }
        ],
        "line": 223
      }
    },
    "s": {
      "0": 1,
      "1": 1,
      "2": 1,
[...]
        "s:279:6:281:Infinity": 71,
        "b:279:10:279:40:279:40:279:71": 24,
        "s:280:8:280:Infinity": 72,
        "s:283:23:283:Infinity": 73,
        "b:284:6:288:Infinity:286:6:288:Infinity": 25,
        "s:284:6:288:Infinity": 74,
        "s:285:8:285:Infinity": 75,
        "b:286:6:288:Infinity:undefined:undefined:undefined:undefined": 26,
        "s:286:6:288:Infinity": 76,
        "s:287:8:287:Infinity": 77,
        "s:292:2:292:Infinity": 78,
        "f:295:15:295:34": 8,
        "b:296:2:298:Infinity:undefined:undefined:undefined:undefined": 27,
        "s:296:2:298:Infinity": 79,
        "s:297:4:297:Infinity": 80,
        "s:300:15:300:Infinity": 81,
        "s:301:24:301:Infinity": 82,
        "s:303:2:330:Infinity": 83,
        "s:304:24:304:Infinity": 84,
        "b:305:4:307:Infinity:undefined:undefined:undefined:undefined": 28,
        "s:305:4:307:Infinity": 85,
        "s:306:6:306:Infinity": 86,
        "b:308:4:310:Infinity:undefined:undefined:undefined:undefined": 29,
        "s:308:4:310:Infinity": 87,
        "s:309:6:309:Infinity": 88,
        "b:311:4:313:Infinity:undefined:undefined:undefined:undefined": 30,
        "s:311:4:313:Infinity": 89,
        "s:312:6:312:Infinity": 90,
        "s:315:57:315:Infinity": 91,
        "s:316:4:323:Infinity": 92,
        "s:317:6:317:Infinity": 93,
        "b:319:6:321:Infinity:undefined:undefined:undefined:undefined": 31,
        "s:319:6:321:Infinity": 94,
        "s:320:8:320:Infinity": 95,
        "s:322:6:322:Infinity": 96,
        "b:324:4:326:Infinity:undefined:undefined:undefined:undefined": 32,
        "s:324:4:326:Infinity": 97,
        "s:325:6:325:Infinity": 98,
        "s:328:4:328:Infinity": 99,
        "s:329:4:329:Infinity": 100,
        "s:332:2:332:Infinity": 101,
        "f:335:15:335:37": 9,
        "s:336:22:339:Infinity": 102,
        "b:340:2:342:Infinity:undefined:undefined:undefined:undefined": 33,
        "s:340:2:342:Infinity": 103,
        "s:341:4:341:Infinity": 104,
        "s:344:22:344:Infinity": 105,
        "s:345:15:345:Infinity": 106,
        "f:345:39:345:40": 10,
        "s:345:46:345:61": 107,
        "s:346:14:346:Infinity": 108,
        "s:347:2:357:Infinity": 109,
        "b:348:4:350:Infinity:undefined:undefined:undefined:undefined": 34,
        "s:348:4:350:Infinity": 110,
        "s:349:6:349:Infinity": 111,
        "s:351:21:351:Infinity": 112,
        "b:352:4:354:Infinity:undefined:undefined:undefined:undefined": 35,
        "s:352:4:354:Infinity": 113,
        "s:353:6:353:Infinity": 114,
        "s:355:4:355:Infinity": 115,
        "s:356:4:356:Infinity": 116,
        "s:358:2:358:Infinity": 117,
        "f:361:15:361:35": 11,
        "s:362:55:362:Infinity": 118,
        "s:363:2:370:Infinity": 119,
        "s:364:4:364:Infinity": 120,
        "b:366:4:368:Infinity:undefined:undefined:undefined:undefined": 36,
        "s:366:4:368:Infinity": 121,
        "s:367:6:367:Infinity": 122,
        "s:369:4:369:Infinity": 123,
        "b:371:2:373:Infinity:undefined:undefined:undefined:undefined": 37,
        "s:371:2:373:Infinity": 124,
        "b:371:6:371:23:371:23:371:47": 38,
        "s:372:4:372:Infinity": 125,
        "s:374:2:381:Infinity": 126,
        "s:375:4:375:Infinity": 127,
        "b:377:4:379:Infinity:undefined:undefined:undefined:undefined": 39,
        "s:377:4:379:Infinity": 128,
        "s:378:6:378:Infinity": 129,
        "s:380:4:380:Infinity": 130,
        "f:384:22:384:36": 12,
        "s:385:22:385:Infinity": 131,
        "s:386:16:386:Infinity": 132,
        "s:387:42:387:Infinity": 133,
        "s:389:2:396:Infinity": 134,
        "s:390:19:390:Infinity": 135,
        "b:391:4:393:Infinity:undefined:undefined:undefined:undefined": 40,
        "s:391:4:393:Infinity": 136,
        "s:392:6:392:Infinity": 137,
        "s:394:21:394:Infinity": 138,
        "s:395:4:395:Infinity": 139,
        "s:398:2:398:Infinity": 140,
        "f:401:22:401:47": 13,
        "s:402:22:402:Infinity": 141,
        "s:403:16:403:Infinity": 142,
        "s:404:42:404:Infinity": 143,
        "s:405:21:405:Infinity": 144,
        "s:407:2:415:Infinity": 145,
        "s:408:19:408:Infinity": 146,
        "b:409:4:411:Infinity:undefined:undefined:undefined:undefined": 41,
        "s:409:4:411:Infinity": 147,
        "s:410:6:410:Infinity": 148,
        "s:412:4:412:Infinity": 149,
        "s:413:21:413:Infinity": 150,
        "s:414:4:414:Infinity": 151,
        "s:417:2:423:Infinity": 152,
        "f:419:33:419:34": 14,
        "s:419:40:419:65": 153,
        "f:420:29:420:30": 15,
        "s:420:36:420:57": 154,
        "f:421:29:421:30": 16,
        "s:421:36:421:57": 155
      }
    }
  },
  "/Users/rahular/Documents/Projects/clawforge-workspace/clawforge/plugin/src/skills/submit-command.ts": {
    "path": "/Users/rahular/Documents/Projects/clawforge-workspace/clawforge/plugin/src/skills/submit-command.ts",
    "statementMap": {
      "0": { "start": { "line": 41, "column": 21 }, "end": { "line": 46, "column": null } },
      "1": { "start": { "line": 48, "column": 2 }, "end": { "line": 53, "column": null } },
      "2": { "start": { "line": 49, "column": 20 }, "end": { "line": 49, "column": null } },
      "3": { "start": { "line": 50, "column": 4 }, "end": { "line": 52, "column": null } },
      "4": { "start": { "line": 51, "column": 6 }, "end": { "line": 51, "column": null } },
      "5": { "start": { "line": 56, "column": 2 }, "end": { "line": 58, "column": null } },
      "6": { "start": { "line": 57, "column": 4 }, "end": { "line": 57, "column": null } },
      "7": { "start": { "line": 60, "column": 2 }, "end": { "line": 60, "column": null } },
      "8": { "start": { "line": 71, "column": 22 }, "end": { "line": 71, "column": null } },
      "9": { "start": { "line": 72, "column": 18 }, "end": { "line": 72, "column": null } },
      "10": { "start": { "line": 75, "column": 47 }, "end": { "line": 75, "column": null } },
      "11": { "start": { "line": 76, "column": 18 }, "end": { "line": 76, "column": null } },
      "12": { "start": { "line": 77, "column": 2 }, "end": { "line": 87, "column": null } },
      "13": { "start": { "line": 78, "column": 18 }, "end": { "line": 78, "column": null } },
      "14": { "start": { "line": 79, "column": 4 }, "end": { "line": 86, "column": null } },
      "15": { "start": { "line": 80, "column": 23 }, "end": { "line": 80, "column": null } },
      "16": { "start": { "line": 81, "column": 6 }, "end": { "line": 85, "column": null } },
      "17": { "start": { "line": 82, "column": 20 }, "end": { "line": 82, "column": null } },
      "18": { "start": { "line": 83, "column": 22 }, "end": { "line": 83, "column": null } },
      "19": { "start": { "line": 84, "column": 8 }, "end": { "line": 84, "column": null } },
      "20": { "start": { "line": 90, "column": 15 }, "end": { "line": 90, "column": null } },
      "21": { "start": { "line": 92, "column": 2 }, "end": { "line": 92, "column": null } },
      "22": { "start": { "line": 102, "column": 19 }, "end": { "line": 102, "column": null } },
      "23": { "start": { "line": 103, "column": 2 }, "end": { "line": 107, "column": null } },
      "24": { "start": { "line": 104, "column": 4 }, "end": { "line": 106, "column": null } },
      "25": { "start": { "line": 109, "column": 19 }, "end": { "line": 109, "column": null } },
      "26": { "start": { "line": 112, "column": 39 }, "end": { "line": 112, "column": null } },
      "27": { "start": { "line": 113, "column": 22 }, "end": { "line": 113, "column": null } },
      "28": { "start": { "line": 116, "column": 44 }, "end": { "line": 119, "column": null } },
      "29": { "start": { "line": 122, "column": 24 }, "end": { "line": 122, "column": null } },
      "30": { "start": { "line": 123, "column": 19 }, "end": { "line": 123, "column": null } },
      "31": { "start": { "line": 125, "column": 2 }, "end": { "line": 131, "column": null } },
      "32": { "start": { "line": 143, "column": 14 }, "end": { "line": 143, "column": null } },
      "33": { "start": { "line": 145, "column": 19 }, "end": { "line": 158, "column": null } },
      "34": { "start": { "line": 160, "column": 2 }, "end": { "line": 163, "column": null } },
      "35": { "start": { "line": 161, "column": 17 }, "end": { "line": 161, "column": null } },
      "36": { "start": { "line": 162, "column": 4 }, "end": { "line": 162, "column": null } },
      "37": { "start": { "line": 165, "column": 2 }, "end": { "line": 165, "column": null } },
      "38": { "start": { "line": 172, "column": 26 }, "end": { "line": 172, "column": null } },
      "39": { "start": { "line": 173, "column": 2 }, "end": { "line": 173, "column": null } },
      "40": { "start": { "line": 175, "column": 2 }, "end": { "line": 177, "column": null } },
      "41": { "start": { "line": 176, "column": 4 }, "end": { "line": 176, "column": null } },
      "42": { "start": { "line": 178, "column": 2 }, "end": { "line": 180, "column": null } },
      "43": { "start": { "line": 179, "column": 4 }, "end": { "line": 179, "column": null } },
      "44": { "start": { "line": 181, "column": 2 }, "end": { "line": 183, "column": null } },
      "45": { "start": { "line": 182, "column": 4 }, "end": { "line": 182, "column": null } },
      "46": { "start": { "line": 184, "column": 2 }, "end": { "line": 193, "column": null } },
      "47": { "start": { "line": 185, "column": 4 }, "end": { "line": 185, "column": null } },
      "48": { "start": { "line": 187, "column": 4 }, "end": { "line": 189, "column": null } },
      "49": { "start": { "line": 188, "column": 6 }, "end": { "line": 188, "column": null } },
      "50": { "start": { "line": 190, "column": 4 }, "end": { "line": 192, "column": null } },
      "51": { "start": { "line": 191, "column": 6 }, "end": { "line": 191, "column": null } },
      "52": { "start": { "line": 194, "column": 2 }, "end": { "line": 194, "column": null } }
    },
    "fnMap": {
      "0": {
        "name": "resolveSkillDir",
        "decl": { "start": { "line": 40, "column": 9 }, "end": { "line": 40, "column": 25 } },
        "loc": { "start": { "line": 40, "column": 82 }, "end": { "line": 61, "column": null } },
        "line": 40
      },
      "1": {
        "name": "readSkillManifest",
        "decl": { "start": { "line": 66, "column": 9 }, "end": { "line": 66, "column": 27 } },
        "loc": { "start": { "line": 70, "column": 2 }, "end": { "line": 93, "column": null } },
        "line": 70
      },
      "2": {
        "name": "bundleSkillForSubmission",
        "decl": { "start": { "line": 98, "column": 22 }, "end": { "line": 98, "column": null } },
        "loc": { "start": { "line": 101, "column": 34 }, "end": { "line": 132, "column": null } },
        "line": 101
      },
      "3": {
        "name": "submitSkillToControlPlane",
        "decl": { "start": { "line": 137, "column": 22 }, "end": { "line": 137, "column": 48 } },
        "loc": { "start": { "line": 142, "column": 44 }, "end": { "line": 166, "column": null } },
        "line": 142
      },
      "4": {
        "name": "formatScanSummary",
        "decl": { "start": { "line": 171, "column": 16 }, "end": { "line": 171, "column": 34 } },
        "loc": { "start": { "line": 171, "column": 93 }, "end": { "line": 195, "column": null } },
        "line": 171
      }
    },
    "branchMap": {
      "0": {
        "loc": { "start": { "line": 45, "column": 8 }, "end": { "line": 45, "column": null } },
        "type": "cond-expr",
        "locations": [
          { "start": { "line": 45, "column": 23 }, "end": { "line": 45, "column": 72 } },
          { "start": { "line": 45, "column": 72 }, "end": { "line": 45, "column": null } }
        ],
        "line": 45
      },
      "1": {
        "loc": { "start": { "line": 50, "column": 4 }, "end": { "line": 52, "column": null } },
        "type": "if",
        "locations": [
          { "start": { "line": 50, "column": 4 }, "end": { "line": 52, "column": null } },
          { "start": {}, "end": {} }
        ],
        "line": 50
      },
      "2": {
        "loc": { "start": { "line": 56, "column": 2 }, "end": { "line": 58, "column": null } },
        "type": "if",
        "locations": [
          { "start": { "line": 56, "column": 2 }, "end": { "line": 58, "column": null } },
          { "start": {}, "end": {} }
        ],
        "line": 56
      },
      "3": {
        "loc": { "start": { "line": 77, "column": 2 }, "end": { "line": 87, "column": null } },
        "type": "if",
        "locations": [
          { "start": { "line": 77, "column": 2 }, "end": { "line": 87, "column": null } },
          { "start": {}, "end": {} }
        ],
        "line": 77
      },
      "4": {
        "loc": { "start": { "line": 81, "column": 6 }, "end": { "line": 85, "column": null } },
        "type": "if",
        "locations": [
          { "start": { "line": 81, "column": 6 }, "end": { "line": 85, "column": null } },
          { "start": {}, "end": {} }
        ],
        "line": 81
      },
      "5": {
        "loc": { "start": { "line": 103, "column": 2 }, "end": { "line": 107, "column": null } },
        "type": "if",
        "locations": [
          { "start": { "line": 103, "column": 2 }, "end": { "line": 107, "column": null } },
          { "start": {}, "end": {} }
        ],
        "line": 103
      },
      "6": {
        "loc": { "start": { "line": 123, "column": 19 }, "end": { "line": 123, "column": null } },
        "type": "cond-expr",
        "locations": [
          { "start": { "line": 123, "column": 65 }, "end": { "line": 123, "column": 90 } },
          { "start": { "line": 123, "column": 90 }, "end": { "line": 123, "column": null } }
        ],
        "line": 123
      },
      "7": {
        "loc": { "start": { "line": 160, "column": 2 }, "end": { "line": 163, "column": null } },
        "type": "if",
        "locations": [
          { "start": { "line": 160, "column": 2 }, "end": { "line": 163, "column": null } },
          { "start": {}, "end": {} }
        ],
        "line": 160
      },
      "8": {
        "loc": { "start": { "line": 175, "column": 2 }, "end": { "line": 177, "column": null } },
        "type": "if",
        "locations": [
          { "start": { "line": 175, "column": 2 }, "end": { "line": 177, "column": null } },
          { "start": {}, "end": {} }
        ],
        "line": 175
      },
      "9": {
        "loc": { "start": { "line": 178, "column": 2 }, "end": { "line": 180, "column": null } },
        "type": "if",
        "locations": [
          { "start": { "line": 178, "column": 2 }, "end": { "line": 180, "column": null } },
          { "start": {}, "end": {} }
        ],
        "line": 178
      },
      "10": {
        "loc": { "start": { "line": 181, "column": 2 }, "end": { "line": 183, "column": null } },
        "type": "if",
        "locations": [
          { "start": { "line": 181, "column": 2 }, "end": { "line": 183, "column": null } },
          { "start": {}, "end": {} }
        ],
        "line": 181
      },
      "11": {
        "loc": { "start": { "line": 184, "column": 2 }, "end": { "line": 193, "column": null } },
        "type": "if",
        "locations": [
          { "start": { "line": 184, "column": 2 }, "end": { "line": 193, "column": null } },
          { "start": { "line": 186, "column": 9 }, "end": { "line": 193, "column": null } }
        ],
        "line": 184
      },
      "12": {
        "loc": { "start": { "line": 190, "column": 4 }, "end": { "line": 192, "column": null } },
        "type": "if",
        "locations": [
          { "start": { "line": 190, "column": 4 }, "end": { "line": 192, "column": null } },
          { "start": {}, "end": {} }
        ],
        "line": 190
      }
    },
    "s": {
      "0": 0,
      "1": 0,
      "2": 0,
      "3": 0,
      "4": 0,
      "5": 0,
      "6": 0,
      "7": 0,
      "8": 0,
      "9": 0,
      "10": 0,
      "11": 0,
      "12": 0,
      "13": 0,
      "14": 0,
      "15": 0,
      "16": 0,
      "17": 0,
      "18": 0,
      "19": 0,
      "20": 0,
      "21": 0,
      "22": 0,
      "23": 0,
      "24": 0,
      "25": 0,
      "26": 0,
      "27": 0,
      "28": 0,
      "29": 0,
      "30": 0,
      "31": 0,
      "32": 0,
      "33": 0,
      "34": 0,
      "35": 0,
      "36": 0,
      "37": 0,
      "38": 0,
      "39": 0,
      "40": 0,
      "41": 0,
      "42": 0,
      "43": 0,
      "44": 0,
      "45": 0,
      "46": 0,
      "47": 0,
      "48": 0,
      "49": 0,
      "50": 0,
      "51": 0,
      "52": 0
    },
    "f": { "0": 0, "1": 0, "2": 0, "3": 0, "4": 0 },
    "b": {
      "0": [0, 0],
      "1": [0, 0],
      "2": [0, 0],
      "3": [0, 0],
      "4": [0, 0],
      "5": [0, 0],
      "6": [0, 0],
      "7": [0, 0],
      "8": [0, 0],
      "9": [0, 0],
      "10": [0, 0],
      "11": [0, 0],
      "12": [0, 0]
    },
    "meta": {
      "lastBranch": 13,
      "lastFunction": 5,
      "lastStatement": 53,
      "seen": {
        "f:40:9:40:25": 0,
        "s:41:21:46:Infinity": 0,
        "b:45:23:45:72:45:72:45:Infinity": 0,
        "s:48:2:53:Infinity": 1,
        "s:49:20:49:Infinity": 2,
        "b:50:4:52:Infinity:undefined:undefined:undefined:undefined": 1,
        "s:50:4:52:Infinity": 3,
        "s:51:6:51:Infinity": 4,
        "b:56:2:58:Infinity:undefined:undefined:undefined:undefined": 2,
        "s:56:2:58:Infinity": 5,
        "s:57:4:57:Infinity": 6,
        "s:60:2:60:Infinity": 7,
        "f:66:9:66:27": 1,
        "s:71:22:71:Infinity": 8,
        "s:72:18:72:Infinity": 9,
        "s:75:47:75:Infinity": 10,
        "s:76:18:76:Infinity": 11,
        "b:77:2:87:Infinity:undefined:undefined:undefined:undefined": 3,
        "s:77:2:87:Infinity": 12,
        "s:78:18:78:Infinity": 13,
        "s:79:4:86:Infinity": 14,
        "s:80:23:80:Infinity": 15,
        "b:81:6:85:Infinity:undefined:undefined:undefined:undefined": 4,
        "s:81:6:85:Infinity": 16,
        "s:82:20:82:Infinity": 17,
        "s:83:22:83:Infinity": 18,
        "s:84:8:84:Infinity": 19,
        "s:90:15:90:Infinity": 20,
        "s:92:2:92:Infinity": 21,
        "f:98:22:98:Infinity": 2,
        "s:102:19:102:Infinity": 22,
        "b:103:2:107:Infinity:undefined:undefined:undefined:undefined": 5,
        "s:103:2:107:Infinity": 23,
        "s:104:4:106:Infinity": 24,
        "s:109:19:109:Infinity": 25,
        "s:112:39:112:Infinity": 26,
        "s:113:22:113:Infinity": 27,
        "s:116:44:119:Infinity": 28,
        "s:122:24:122:Infinity": 29,
        "s:123:19:123:Infinity": 30,
        "b:123:65:123:90:123:90:123:Infinity": 6,
        "s:125:2:131:Infinity": 31,
        "f:137:22:137:48": 3,
        "s:143:14:143:Infinity": 32,
        "s:145:19:158:Infinity": 33,
        "b:160:2:163:Infinity:undefined:undefined:undefined:undefined": 7,
        "s:160:2:163:Infinity": 34,
        "s:161:17:161:Infinity": 35,
        "s:162:4:162:Infinity": 36,
        "s:165:2:165:Infinity": 37,
        "f:171:16:171:34": 4,
        "s:172:26:172:Infinity": 38,
        "s:173:2:173:Infinity": 39,
        "b:175:2:177:Infinity:undefined:undefined:undefined:undefined": 8,
        "s:175:2:177:Infinity": 40,
        "s:176:4:176:Infinity": 41,
        "b:178:2:180:Infinity:undefined:undefined:undefined:undefined": 9,
        "s:178:2:180:Infinity": 42,
        "s:179:4:179:Infinity": 43,
        "b:181:2:183:Infinity:undefined:undefined:undefined:undefined": 10,
        "s:181:2:183:Infinity": 44,
        "s:182:4:182:Infinity": 45,
        "b:184:2:193:Infinity:186:9:193:Infinity": 11,
        "s:184:2:193:Infinity": 46,
        "s:185:4:185:Infinity": 47,
        "s:187:4:189:Infinity": 48,
        "s:188:6:188:Infinity": 49,
        "b:190:4:192:Infinity:undefined:undefined:undefined:undefined": 12,
        "s:190:4:192:Infinity": 50,
        "s:191:6:191:Infinity": 51,
        "s:194:2:194:Infinity": 52
      }
    }
  }
}
